Started GET "/" for ::1 at 2019-06-18 23:06:45 +0000
Processing by Rails::WelcomeController#index as HTML
  Rendering /home/gabriel/.gem/ruby/2.6.0/gems/railties-5.2.3/lib/rails/templates/rails/welcome/index.html.erb
  Rendered /home/gabriel/.gem/ruby/2.6.0/gems/railties-5.2.3/lib/rails/templates/rails/welcome/index.html.erb (1.8ms)
Completed 200 OK in 8ms (Views: 4.5ms | ActiveRecord: 0.0ms)


Started GET "/test" for ::1 at 2019-06-18 23:08:28 +0000
Processing by ApplicationController#index as HTML
Completed 200 OK in 3ms (Views: 0.1ms | ActiveRecord: 0.0ms)


Started GET "/test" for ::1 at 2019-06-18 23:36:23 +0000
Processing by ApplicationController#index as HTML
Completed 500 Internal Server Error in 1ms (ActiveRecord: 0.0ms)


  
NameError (uninitialized constant ApplicationController::Tracer):
  
app/controllers/application_controller.rb:5:in `index'
Started GET "/test" for ::1 at 2019-06-18 23:40:17 +0000
Processing by ApplicationController#index as HTML
Completed 500 Internal Server Error in 1ms (ActiveRecord: 0.0ms)


  
NameError (uninitialized constant ApplicationController::Tracer):
  
app/controllers/application_controller.rb:5:in `index'
Started GET "/test" for ::1 at 2019-06-18 23:40:18 +0000
Processing by ApplicationController#index as HTML
Completed 500 Internal Server Error in 5ms (ActiveRecord: 0.0ms)


  
NameError (uninitialized constant ApplicationController::Tracer):
  
app/controllers/application_controller.rb:5:in `index'
Started GET "/test" for ::1 at 2019-06-18 23:40:32 +0000
  
TypeError (wrong argument type String (expected Module)):
  
app/controllers/application_controller.rb:1:in `include'
app/controllers/application_controller.rb:1:in `<main>'
Started GET "/test" for ::1 at 2019-06-18 23:40:47 +0000
  
LoadError (cannot load such file -- ../util/Tracer.rb):
  
app/controllers/application_controller.rb:1:in `<main>'
Started GET "/test" for ::1 at 2019-06-18 23:40:54 +0000
  
LoadError (cannot load such file -- util/Tracer.rb):
  
app/controllers/application_controller.rb:1:in `<main>'
Started GET "/test" for ::1 at 2019-06-18 23:41:17 +0000
  
TypeError (wrong argument type String (expected Module)):
  
app/controllers/application_controller.rb:1:in `include'
app/controllers/application_controller.rb:1:in `<main>'
Started GET "/test" for ::1 at 2019-06-18 23:42:09 +0000
Processing by ApplicationController#index as HTML
Completed 500 Internal Server Error in 1ms (ActiveRecord: 0.0ms)


  
NoMethodError (undefined method `step_start' for #<Tracer:0x00007fa768033ba0>):
  
app/controllers/application_controller.rb:9:in `index'
Started GET "/test" for ::1 at 2019-06-18 23:43:14 +0000
Processing by ApplicationController#index as HTML
Completed 500 Internal Server Error in 0ms (ActiveRecord: 0.0ms)


  
NoMethodError (undefined method `step_start' for #<Tracer:0x000055dab41af038>):
  
app/controllers/application_controller.rb:9:in `index'
Started GET "/test" for ::1 at 2019-06-18 23:43:15 +0000
Processing by ApplicationController#index as HTML
Completed 500 Internal Server Error in 1ms (ActiveRecord: 0.0ms)


  
NoMethodError (undefined method `step_start' for #<Tracer:0x00007fa73800cff8>):
  
app/controllers/application_controller.rb:9:in `index'
Started GET "/test" for ::1 at 2019-06-18 23:44:15 +0000
Processing by ApplicationController#index as HTML
Completed 500 Internal Server Error in 3ms (ActiveRecord: 0.0ms)


  
NoMethodError (undefined method `step_start' for #<Tracer:0x00005633a3921918>):
  
app/controllers/application_controller.rb:9:in `index'
Started GET "/test" for ::1 at 2019-06-18 23:44:16 +0000
Processing by ApplicationController#index as HTML
Completed 500 Internal Server Error in 1ms (ActiveRecord: 0.0ms)


  
NoMethodError (undefined method `step_start' for #<Tracer:0x00007f82287a6b18>):
  
app/controllers/application_controller.rb:9:in `index'
Started GET "/test" for ::1 at 2019-06-18 23:44:16 +0000
Processing by ApplicationController#index as HTML
Completed 500 Internal Server Error in 1ms (ActiveRecord: 0.0ms)


  
NoMethodError (undefined method `step_start' for #<Tracer:0x00005633a2a0f128>):
  
app/controllers/application_controller.rb:9:in `index'
Started GET "/test" for ::1 at 2019-06-18 23:44:17 +0000
Processing by ApplicationController#index as HTML
Completed 500 Internal Server Error in 0ms (ActiveRecord: 0.0ms)


  
NoMethodError (undefined method `step_start' for #<Tracer:0x00005633a344f908>):
  
app/controllers/application_controller.rb:9:in `index'
Started GET "/test" for ::1 at 2019-06-18 23:44:41 +0000
Processing by ApplicationController#index as HTML
Completed 500 Internal Server Error in 0ms (ActiveRecord: 0.0ms)


  
NoMethodError (undefined method `step_start' for #<Tracer:0x00005633a39b6478>):
  
app/controllers/application_controller.rb:9:in `index'
Started GET "/test" for ::1 at 2019-06-18 23:44:41 +0000
Processing by ApplicationController#index as HTML
Completed 500 Internal Server Error in 1ms (ActiveRecord: 0.0ms)


  
NoMethodError (undefined method `step_start' for #<Tracer:0x00005633a27a2250>):
  
app/controllers/application_controller.rb:9:in `index'
Started GET "/test" for ::1 at 2019-06-18 23:44:42 +0000
Processing by ApplicationController#index as HTML
Completed 500 Internal Server Error in 1ms (ActiveRecord: 0.0ms)


  
NoMethodError (undefined method `step_start' for #<Tracer:0x00005633a345eca0>):
  
app/controllers/application_controller.rb:9:in `index'
Started GET "/test" for ::1 at 2019-06-18 23:44:42 +0000
Processing by ApplicationController#index as HTML
Completed 500 Internal Server Error in 1ms (ActiveRecord: 0.0ms)


  
NoMethodError (undefined method `step_start' for #<Tracer:0x00005633a37c9430>):
  
app/controllers/application_controller.rb:9:in `index'
Started GET "/test" for ::1 at 2019-06-18 23:44:43 +0000
Processing by ApplicationController#index as HTML
Completed 500 Internal Server Error in 0ms (ActiveRecord: 0.0ms)


  
NoMethodError (undefined method `step_start' for #<Tracer:0x00007f82287747d0>):
  
app/controllers/application_controller.rb:9:in `index'
Started GET "/test" for ::1 at 2019-06-18 23:44:44 +0000
Processing by ApplicationController#index as HTML
Completed 500 Internal Server Error in 1ms (ActiveRecord: 0.0ms)


  
NoMethodError (undefined method `step_start' for #<Tracer:0x00005633a2d58988>):
  
app/controllers/application_controller.rb:9:in `index'
  [1m[35m (0.1ms)[0m  [1m[34mSELECT sqlite_version(*)[0m
  ↳ /home/gabriel/.gem/ruby/2.6.0/bin/rake:23
  [1m[35m (5.5ms)[0m  [1m[35mCREATE TABLE "schema_migrations" ("version" varchar NOT NULL PRIMARY KEY)[0m
  ↳ /home/gabriel/.gem/ruby/2.6.0/bin/rake:23
  [1m[35m (4.6ms)[0m  [1m[35mCREATE TABLE "ar_internal_metadata" ("key" varchar NOT NULL PRIMARY KEY, "value" varchar, "created_at" datetime NOT NULL, "updated_at" datetime NOT NULL)[0m
  ↳ /home/gabriel/.gem/ruby/2.6.0/bin/rake:23
  [1m[36mActiveRecord::InternalMetadata Load (0.1ms)[0m  [1m[34mSELECT  "ar_internal_metadata".* FROM "ar_internal_metadata" WHERE "ar_internal_metadata"."key" = ? LIMIT ?[0m  [["key", "environment"], ["LIMIT", 1]]
  ↳ /home/gabriel/.gem/ruby/2.6.0/bin/rake:23
  [1m[35m (0.0ms)[0m  [1m[36mbegin transaction[0m
  ↳ /home/gabriel/.gem/ruby/2.6.0/bin/rake:23
  [1m[36mActiveRecord::InternalMetadata Create (0.1ms)[0m  [1m[32mINSERT INTO "ar_internal_metadata" ("key", "value", "created_at", "updated_at") VALUES (?, ?, ?, ?)[0m  [["key", "environment"], ["value", "development"], ["created_at", "2019-06-18 23:45:10.588984"], ["updated_at", "2019-06-18 23:45:10.588984"]]
  ↳ /home/gabriel/.gem/ruby/2.6.0/bin/rake:23
  [1m[35m (3.7ms)[0m  [1m[36mcommit transaction[0m
  ↳ /home/gabriel/.gem/ruby/2.6.0/bin/rake:23
  [1m[35m (0.1ms)[0m  [1m[34mSELECT "schema_migrations"."version" FROM "schema_migrations" ORDER BY "schema_migrations"."version" ASC[0m
  ↳ /home/gabriel/.gem/ruby/2.6.0/bin/rake:23
  [1m[35m (0.1ms)[0m  [1m[34mSELECT "schema_migrations"."version" FROM "schema_migrations" ORDER BY "schema_migrations"."version" ASC[0m
  ↳ /home/gabriel/.gem/ruby/2.6.0/bin/rake:23
  [1m[35m (0.0ms)[0m  [1m[34mSELECT "schema_migrations"."version" FROM "schema_migrations" ORDER BY "schema_migrations"."version" ASC[0m
  ↳ /home/gabriel/.gem/ruby/2.6.0/bin/rake:23
  [1m[35m (0.0ms)[0m  [1m[34mSELECT sqlite_version(*)[0m
  ↳ db/schema.rb:13
  [1m[35m (6.3ms)[0m  [1m[35mCREATE TABLE "schema_migrations" ("version" varchar NOT NULL PRIMARY KEY)[0m
  ↳ db/schema.rb:13
  [1m[35m (0.1ms)[0m  [1m[34mSELECT "schema_migrations"."version" FROM "schema_migrations" ORDER BY "schema_migrations"."version" ASC[0m
  ↳ db/schema.rb:13
  [1m[35m (3.7ms)[0m  [1m[32mINSERT INTO "schema_migrations" (version) VALUES (0)[0m
  ↳ db/schema.rb:13
  [1m[35m (9.5ms)[0m  [1m[35mCREATE TABLE "ar_internal_metadata" ("key" varchar NOT NULL PRIMARY KEY, "value" varchar, "created_at" datetime NOT NULL, "updated_at" datetime NOT NULL)[0m
  ↳ db/schema.rb:13
  [1m[36mActiveRecord::InternalMetadata Load (0.1ms)[0m  [1m[34mSELECT  "ar_internal_metadata".* FROM "ar_internal_metadata" WHERE "ar_internal_metadata"."key" = ? LIMIT ?[0m  [["key", "environment"], ["LIMIT", 1]]
  ↳ db/schema.rb:13
  [1m[35m (0.0ms)[0m  [1m[36mbegin transaction[0m
  ↳ db/schema.rb:13
  [1m[36mActiveRecord::InternalMetadata Create (0.1ms)[0m  [1m[32mINSERT INTO "ar_internal_metadata" ("key", "value", "created_at", "updated_at") VALUES (?, ?, ?, ?)[0m  [["key", "environment"], ["value", "development"], ["created_at", "2019-06-18 23:45:18.535631"], ["updated_at", "2019-06-18 23:45:18.535631"]]
  ↳ db/schema.rb:13
  [1m[35m (12.2ms)[0m  [1m[36mcommit transaction[0m
  ↳ db/schema.rb:13
  [1m[36mActiveRecord::InternalMetadata Load (0.0ms)[0m  [1m[34mSELECT  "ar_internal_metadata".* FROM "ar_internal_metadata" WHERE "ar_internal_metadata"."key" = ? LIMIT ?[0m  [["key", "environment"], ["LIMIT", 1]]
  ↳ /home/gabriel/.gem/ruby/2.6.0/bin/rake:23
  [1m[35m (0.0ms)[0m  [1m[36mbegin transaction[0m
  ↳ /home/gabriel/.gem/ruby/2.6.0/bin/rake:23
  [1m[35m (0.0ms)[0m  [1m[36mcommit transaction[0m
  ↳ /home/gabriel/.gem/ruby/2.6.0/bin/rake:23
  [1m[35m (0.0ms)[0m  [1m[34mSELECT sqlite_version(*)[0m
  ↳ db/schema.rb:13
  [1m[35m (4.9ms)[0m  [1m[35mCREATE TABLE "schema_migrations" ("version" varchar NOT NULL PRIMARY KEY)[0m
  ↳ db/schema.rb:13
  [1m[35m (0.1ms)[0m  [1m[34mSELECT "schema_migrations"."version" FROM "schema_migrations" ORDER BY "schema_migrations"."version" ASC[0m
  ↳ db/schema.rb:13
  [1m[35m (3.8ms)[0m  [1m[32mINSERT INTO "schema_migrations" (version) VALUES (0)[0m
  ↳ db/schema.rb:13
  [1m[35m (15.7ms)[0m  [1m[35mCREATE TABLE "ar_internal_metadata" ("key" varchar NOT NULL PRIMARY KEY, "value" varchar, "created_at" datetime NOT NULL, "updated_at" datetime NOT NULL)[0m
  ↳ db/schema.rb:13
  [1m[36mActiveRecord::InternalMetadata Load (0.1ms)[0m  [1m[34mSELECT  "ar_internal_metadata".* FROM "ar_internal_metadata" WHERE "ar_internal_metadata"."key" = ? LIMIT ?[0m  [["key", "environment"], ["LIMIT", 1]]
  ↳ db/schema.rb:13
  [1m[35m (0.0ms)[0m  [1m[36mbegin transaction[0m
  ↳ db/schema.rb:13
  [1m[36mActiveRecord::InternalMetadata Create (0.1ms)[0m  [1m[32mINSERT INTO "ar_internal_metadata" ("key", "value", "created_at", "updated_at") VALUES (?, ?, ?, ?)[0m  [["key", "environment"], ["value", "development"], ["created_at", "2019-06-18 23:45:18.578528"], ["updated_at", "2019-06-18 23:45:18.578528"]]
  ↳ db/schema.rb:13
  [1m[35m (5.9ms)[0m  [1m[36mcommit transaction[0m
  ↳ db/schema.rb:13
  [1m[36mActiveRecord::InternalMetadata Load (0.0ms)[0m  [1m[34mSELECT  "ar_internal_metadata".* FROM "ar_internal_metadata" WHERE "ar_internal_metadata"."key" = ? LIMIT ?[0m  [["key", "environment"], ["LIMIT", 1]]
  ↳ /home/gabriel/.gem/ruby/2.6.0/bin/rake:23
  [1m[35m (0.0ms)[0m  [1m[36mbegin transaction[0m
  ↳ /home/gabriel/.gem/ruby/2.6.0/bin/rake:23
  [1m[36mActiveRecord::InternalMetadata Update (0.1ms)[0m  [1m[33mUPDATE "ar_internal_metadata" SET "value" = ?, "updated_at" = ? WHERE "ar_internal_metadata"."key" = ?[0m  [["value", "test"], ["updated_at", "2019-06-18 23:45:18.586109"], ["key", "environment"]]
  ↳ /home/gabriel/.gem/ruby/2.6.0/bin/rake:23
  [1m[35m (4.2ms)[0m  [1m[36mcommit transaction[0m
  ↳ /home/gabriel/.gem/ruby/2.6.0/bin/rake:23
  [1m[35m (0.1ms)[0m  [1m[34mSELECT "schema_migrations"."version" FROM "schema_migrations" ORDER BY "schema_migrations"."version" ASC[0m
  ↳ /home/gabriel/.gem/ruby/2.6.0/bin/rake:23
Started GET "/test" for ::1 at 2019-06-18 23:55:37 +0000
Processing by ApplicationController#index as HTML
Completed 500 Internal Server Error in 6ms (ActiveRecord: 0.0ms)


  
NameError (uninitialized constant ApplicationController::Tracer):
  
app/controllers/application_controller.rb:5:in `index'
Started GET "/test" for ::1 at 2019-06-18 23:55:38 +0000
Processing by ApplicationController#index as HTML
Completed 500 Internal Server Error in 3ms (ActiveRecord: 0.0ms)


  
NameError (uninitialized constant ApplicationController::Tracer):
  
app/controllers/application_controller.rb:5:in `index'
Started GET "/test" for ::1 at 2019-06-18 23:57:39 +0000
Processing by ApplicationController#index as HTML
Completed 500 Internal Server Error in 3ms (ActiveRecord: 0.0ms)


  
NameError (uninitialized constant ApplicationController::Tracer):
  
app/controllers/application_controller.rb:5:in `index'
Started GET "/test" for ::1 at 2019-06-18 23:57:40 +0000
Processing by ApplicationController#index as HTML
Completed 500 Internal Server Error in 3ms (ActiveRecord: 0.0ms)


  
NameError (uninitialized constant ApplicationController::Tracer):
  
app/controllers/application_controller.rb:5:in `index'
Started GET "/test" for ::1 at 2019-06-18 23:57:40 +0000
Processing by ApplicationController#index as HTML
Completed 500 Internal Server Error in 3ms (ActiveRecord: 0.0ms)


  
NameError (uninitialized constant ApplicationController::Tracer):
  
app/controllers/application_controller.rb:5:in `index'
Started GET "/test" for ::1 at 2019-06-18 23:57:46 +0000
Processing by ApplicationController#index as HTML
Completed 500 Internal Server Error in 1ms (ActiveRecord: 0.0ms)


  
NameError (uninitialized constant ApplicationController::TracerService):
  
app/controllers/application_controller.rb:5:in `index'
Started GET "/test" for ::1 at 2019-06-18 23:57:47 +0000
Processing by ApplicationController#index as HTML
Completed 500 Internal Server Error in 3ms (ActiveRecord: 0.0ms)


  
NameError (uninitialized constant ApplicationController::TracerService):
  
app/controllers/application_controller.rb:5:in `index'
Started GET "/test" for ::1 at 2019-06-19 00:02:35 +0000
  
LoadError (cannot load such file -- tracer_service):
  
app/controllers/application_controller.rb:1:in `<main>'
Started GET "/test" for ::1 at 2019-06-19 00:02:56 +0000
  
LoadError (cannot load such file -- ../services/TracerService):
  
app/controllers/application_controller.rb:1:in `<main>'
Started GET "/test" for ::1 at 2019-06-19 00:02:56 +0000
  
LoadError (cannot load such file -- ../services/TracerService):
  
app/controllers/application_controller.rb:1:in `<main>'
Started GET "/test" for ::1 at 2019-06-19 00:03:01 +0000
  
LoadError (cannot load such file -- ../services/TracerService):
  
app/controllers/application_controller.rb:1:in `<main>'
Started GET "/test" for ::1 at 2019-06-19 00:03:01 +0000
  
LoadError (cannot load such file -- ../services/TracerService):
  
app/controllers/application_controller.rb:1:in `<main>'
Started GET "/test" for ::1 at 2019-06-19 00:03:02 +0000
  
LoadError (cannot load such file -- ../services/TracerService):
  
app/controllers/application_controller.rb:1:in `<main>'
Started GET "/test" for ::1 at 2019-06-19 00:03:02 +0000
  
LoadError (cannot load such file -- ../services/TracerService):
  
app/controllers/application_controller.rb:1:in `<main>'
Started GET "/test" for ::1 at 2019-06-19 00:03:02 +0000
  
LoadError (cannot load such file -- ../services/TracerService):
  
app/controllers/application_controller.rb:1:in `<main>'
Started GET "/test" for ::1 at 2019-06-19 00:03:02 +0000
  
LoadError (cannot load such file -- ../services/TracerService):
  
app/controllers/application_controller.rb:1:in `<main>'
Started GET "/test" for ::1 at 2019-06-19 00:03:03 +0000
  
LoadError (cannot load such file -- ../services/TracerService):
  
app/controllers/application_controller.rb:1:in `<main>'
Started GET "/test" for ::1 at 2019-06-19 09:11:26 +0000
  
LoadError (cannot load such file -- ../services/TracerService):
  
app/controllers/application_controller.rb:1:in `<main>'
Started GET "/test" for ::1 at 2019-06-19 09:11:27 +0000
  
LoadError (cannot load such file -- ../services/TracerService):
  
app/controllers/application_controller.rb:1:in `<main>'
Started GET "/test" for ::1 at 2019-06-19 09:14:02 +0000
  
LoadError (cannot load such file -- ../services/TracerService):
  
app/controllers/application_controller.rb:1:in `<main>'
Started GET "/test" for ::1 at 2019-06-19 09:15:28 +0000
  
LoadError (cannot load such file -- tracer_service):
  
app/controllers/application_controller.rb:1:in `<main>'
Started GET "/test" for ::1 at 2019-06-19 09:15:29 +0000
  
LoadError (cannot load such file -- tracer_service):
  
app/controllers/application_controller.rb:1:in `<main>'
Started GET "/test" for ::1 at 2019-06-19 09:16:56 +0000
Processing by ApplicationController#index as HTML
Completed 500 Internal Server Error in 2ms (ActiveRecord: 0.0ms)


  
TypeError (no implicit conversion of String into Integer):
  
app/services/tracer_service.rb:23:in `step_end'
app/controllers/application_controller.rb:14:in `index'
Started GET "/test" for ::1 at 2019-06-19 09:18:47 +0000
Processing by ApplicationController#index as HTML
Completed 500 Internal Server Error in 8ms (ActiveRecord: 0.0ms)


  
TypeError (no implicit conversion of Symbol into Integer):
  
app/services/tracer_service.rb:25:in `step_end'
app/controllers/application_controller.rb:14:in `index'
Started GET "/test" for ::1 at 2019-06-19 09:18:48 +0000
Processing by ApplicationController#index as HTML
Completed 500 Internal Server Error in 3ms (ActiveRecord: 0.0ms)


  
TypeError (no implicit conversion of Symbol into Integer):
  
app/services/tracer_service.rb:25:in `step_end'
app/controllers/application_controller.rb:14:in `index'
Started GET "/test" for ::1 at 2019-06-19 09:19:39 +0000
Processing by ApplicationController#index as HTML
Completed 500 Internal Server Error in 2ms (ActiveRecord: 0.0ms)


  
NameError (uninitialized constant ApplicationController::TracerService):
  
app/controllers/application_controller.rb:5:in `index'
Started GET "/test" for ::1 at 2019-06-19 09:19:58 +0000
Processing by ApplicationController#index as HTML
Completed 500 Internal Server Error in 2ms (ActiveRecord: 0.0ms)


  
NoMethodError (undefined method `<<' for {}:Hash):
  
app/services/tracer_service.rb:14:in `step_start'
app/controllers/application_controller.rb:7:in `index'
Started GET "/test" for ::1 at 2019-06-19 09:20:15 +0000
Processing by ApplicationController#index as HTML
Completed 500 Internal Server Error in 5ms (ActiveRecord: 0.0ms)


  
NoMethodError (undefined method `-' for nil:NilClass):
  
app/services/tracer_service.rb:42:in `time_diff'
app/services/tracer_service.rb:50:in `report'
app/controllers/application_controller.rb:16:in `index'
Started GET "/test" for ::1 at 2019-06-19 09:21:09 +0000
Processing by ApplicationController#index as HTML
Completed 500 Internal Server Error in 2ms (ActiveRecord: 0.0ms)


  
NoMethodError (undefined method `-' for nil:NilClass):
  
app/services/tracer_service.rb:44:in `time_diff'
app/services/tracer_service.rb:52:in `report'
app/controllers/application_controller.rb:16:in `index'
Started GET "/test" for ::1 at 2019-06-19 09:22:07 +0000
Processing by ApplicationController#index as HTML
Completed 500 Internal Server Error in 4ms (ActiveRecord: 0.0ms)


  
NoMethodError (undefined method `-' for nil:NilClass):
  
app/services/tracer_service.rb:44:in `time_diff'
app/services/tracer_service.rb:52:in `report'
app/controllers/application_controller.rb:16:in `index'
Started GET "/test" for ::1 at 2019-06-19 09:22:42 +0000
Processing by ApplicationController#index as HTML
Completed 500 Internal Server Error in 2ms (ActiveRecord: 0.0ms)


  
NoMethodError (undefined method `-' for nil:NilClass):
  
app/services/tracer_service.rb:45:in `time_diff'
app/services/tracer_service.rb:53:in `report'
app/controllers/application_controller.rb:16:in `index'
Started GET "/test" for ::1 at 2019-06-19 09:22:47 +0000
Processing by ApplicationController#index as HTML
Completed 500 Internal Server Error in 4ms (ActiveRecord: 0.0ms)


  
NoMethodError (undefined method `-' for nil:NilClass):
  
app/services/tracer_service.rb:50:in `time_diff'
app/services/tracer_service.rb:58:in `report'
app/controllers/application_controller.rb:16:in `index'
Started GET "/test" for ::1 at 2019-06-19 09:22:53 +0000
Processing by ApplicationController#index as HTML
Completed 500 Internal Server Error in 8ms (ActiveRecord: 0.0ms)


  
NoMethodError (undefined method `-' for nil:NilClass):
  
app/services/tracer_service.rb:54:in `time_diff'
app/services/tracer_service.rb:62:in `report'
app/controllers/application_controller.rb:16:in `index'
Started GET "/test" for ::1 at 2019-06-19 09:23:06 +0000
Processing by ApplicationController#index as HTML
Completed 500 Internal Server Error in 1ms (ActiveRecord: 0.0ms)


  
NoMethodError (undefined method `-' for nil:NilClass):
  
app/services/tracer_service.rb:54:in `time_diff'
app/services/tracer_service.rb:62:in `report'
app/controllers/application_controller.rb:16:in `index'
Started GET "/test" for ::1 at 2019-06-19 09:23:33 +0000
Processing by ApplicationController#index as HTML
Completed 500 Internal Server Error in 2ms (ActiveRecord: 0.0ms)


  
NoMethodError (undefined method `-' for nil:NilClass):
  
app/services/tracer_service.rb:56:in `time_diff'
app/services/tracer_service.rb:64:in `report'
app/controllers/application_controller.rb:16:in `index'
Started GET "/test" for ::1 at 2019-06-19 09:24:29 +0000
Processing by ApplicationController#index as HTML
Completed 500 Internal Server Error in 2ms (ActiveRecord: 0.0ms)


  
NoMethodError (undefined method `-' for nil:NilClass):
  
app/services/tracer_service.rb:45:in `time_diff'
app/services/tracer_service.rb:53:in `report'
app/controllers/application_controller.rb:16:in `index'
Started GET "/test" for ::1 at 2019-06-19 09:24:35 +0000
Processing by ApplicationController#index as HTML
Completed 500 Internal Server Error in 1ms (ActiveRecord: 0.0ms)


  
NoMethodError (undefined method `-' for nil:NilClass):
  
app/services/tracer_service.rb:45:in `time_diff'
app/services/tracer_service.rb:53:in `report'
app/controllers/application_controller.rb:16:in `index'
Started GET "/test" for ::1 at 2019-06-19 09:25:04 +0000
Processing by ApplicationController#index as HTML
Completed 500 Internal Server Error in 2ms (ActiveRecord: 0.0ms)


  
NoMethodError (undefined method `-' for nil:NilClass):
  
app/services/tracer_service.rb:48:in `time_diff'
app/services/tracer_service.rb:56:in `report'
app/controllers/application_controller.rb:16:in `index'
Started GET "/test" for ::1 at 2019-06-19 09:25:22 +0000
Processing by ApplicationController#index as HTML
Completed 500 Internal Server Error in 2ms (ActiveRecord: 0.0ms)


  
NoMethodError (undefined method `time_diff' for #<TracerService:0x000055f9f09ed4d8>):
  
app/services/tracer_service.rb:56:in `report'
app/controllers/application_controller.rb:16:in `index'
Started GET "/test" for ::1 at 2019-06-19 09:25:45 +0000
Processing by ApplicationController#index as HTML
Completed 500 Internal Server Error in 2ms (ActiveRecord: 0.0ms)


  
NoMethodError (undefined method `info' for Logger:Class):
  
app/controllers/application_controller.rb:18:in `index'
Started GET "/test" for ::1 at 2019-06-19 09:25:56 +0000
Processing by ApplicationController#index as HTML
{:caller=>"new", :name=>"", :steps=>{"loading"=>{:sequence=>1, :name=>"loading", :start=>Wed, 19 Jun 2019 09:25:56 UTC +00:00, :end=>Wed, 19 Jun 2019 09:25:56 UTC +00:00, :duration=>0.000459247}}, :total_time=>0.000542085}
Completed 200 OK in 1ms (Views: 0.1ms | ActiveRecord: 0.0ms)


Started GET "/test" for ::1 at 2019-06-19 09:26:27 +0000
Processing by ApplicationController#index as HTML
{:caller=>"new", :name=>"", :steps=>{"loading"=>{:sequence=>1, :name=>"loading", :start=>Wed, 19 Jun 2019 09:26:27 UTC +00:00, :end=>Wed, 19 Jun 2019 09:26:27 UTC +00:00, :duration=>0.085223695}}, :total_time=>0.085330071}
Completed 200 OK in 86ms (Views: 0.1ms | ActiveRecord: 0.0ms)


Started GET "/test" for ::1 at 2019-06-19 09:27:07 +0000
Processing by ApplicationController#index as HTML
{:caller=>"new", :name=>"", :steps=>{"loading"=>{:sequence=>1, :name=>"loading", :start=>Wed, 19 Jun 2019 09:27:07 UTC +00:00, :end=>Wed, 19 Jun 2019 09:27:07 UTC +00:00, :duration=>0.09530987}}, :total_time=>0.095629446}
Completed 200 OK in 97ms (Views: 0.2ms | ActiveRecord: 0.0ms)


Started GET "/test" for ::1 at 2019-06-19 09:27:12 +0000
Processing by ApplicationController#index as HTML
Started GET "/test" for ::1 at 2019-06-19 09:27:15 +0000
Started GET "/test" for ::1 at 2019-06-19 09:29:35 +0000
Processing by ApplicationController#index as HTML
{:caller=>"new", :name=>"", :steps=>{"loading"=>{:sequence=>1, :name=>"loading", :start=>Wed, 19 Jun 2019 09:29:35 UTC +00:00, :end=>Wed, 19 Jun 2019 09:29:39 UTC +00:00, :duration=>4.140837665}}, :total_time=>4.140965491}
Completed 200 OK in 4145ms (Views: 0.2ms | ActiveRecord: 0.0ms)


Started GET "/test" for ::1 at 2019-06-19 09:30:19 +0000
Processing by ApplicationController#index as HTML
{:caller=>"new", :name=>"", :steps=>{"loading"=>{:sequence=>1, :name=>"loading", :start=>Wed, 19 Jun 2019 09:30:19 UTC +00:00, :end=>Wed, 19 Jun 2019 09:30:24 UTC +00:00, :duration=>4.2699}}, :total_time=>4.27}
Completed 200 OK in 4273ms (Views: 0.2ms | ActiveRecord: 0.0ms)


Started GET "/test" for ::1 at 2019-06-19 09:31:20 +0000
Processing by ApplicationController#index as HTML
Completed 500 Internal Server Error in 4684ms (ActiveRecord: 0.0ms)


  
NoMethodError (undefined method `round' for "2019-06-19T09:31:20Z":String):
  
app/services/tracer_service.rb:48:in `jeba'
app/services/tracer_service.rb:30:in `step_end'
app/controllers/application_controller.rb:16:in `index'
Started GET "/test" for ::1 at 2019-06-19 09:31:33 +0000
Processing by ApplicationController#index as HTML
{:caller=>"new", :name=>"", :steps=>{"loading"=>{:sequence=>1, :name=>"loading", :start=>Wed, 19 Jun 2019 09:31:33 UTC +00:00, :end=>Wed, 19 Jun 2019 09:31:47 UTC +00:00, :duration=>13.834}}, :total_time=>14.3663}
Completed 200 OK in 14394ms (Views: 9.9ms | ActiveRecord: 0.0ms)


Started GET "/test" for ::1 at 2019-06-19 09:33:32 +0000
Processing by ApplicationController#index as HTML
{:caller=>"new", :name=>"", :steps=>{"loading"=>{:sequence=>1, :name=>"loading", :start=>Wed, 19 Jun 2019 09:33:32 UTC +00:00, :end=>Wed, 19 Jun 2019 09:33:32 UTC +00:00, :duration=>0.0803}}, :total_time=>0.0841}
Completed 200 OK in 100ms (Views: 1.2ms | ActiveRecord: 0.0ms)


Started GET "/test" for ::1 at 2019-06-19 09:34:00 +0000
Processing by ApplicationController#index as HTML
{"caller":"new","name":"","steps":{"loading":{"sequence":1,"name":"loading","start":"2019-06-19T09:34:00.195Z","end":"2019-06-19T09:34:00.199Z","duration":0.0043}},"total_time":0.0043}
Completed 200 OK in 5ms (Views: 0.1ms | ActiveRecord: 0.0ms)


Started GET "/test" for ::1 at 2019-06-19 09:34:25 +0000
Processing by ApplicationController#index as HTML
{"caller":"index","name":"","steps":{"loading":{"sequence":1,"name":"loading","start":"2019-06-19T09:34:25.711Z","end":"2019-06-19T09:34:25.725Z","duration":0.0137}},"total_time":0.0141}
Completed 200 OK in 15ms (Views: 0.1ms | ActiveRecord: 0.0ms)


Started GET "/test" for ::1 at 2019-06-19 09:34:38 +0000
Processing by ApplicationController#index as HTML
{"caller":"index","name":"","steps":{"loading":{"sequence":1,"name":"loading","start":"2019-06-19T09:34:38.418Z","end":"2019-06-19T09:34:38.443Z","duration":0.0248}},"total_time":0.0248}
Completed 200 OK in 27ms (Views: 0.1ms | ActiveRecord: 0.0ms)


Started GET "/test" for ::1 at 2019-06-19 09:37:39 +0000
Processing by ApplicationController#index as HTML
{"caller":"index","name":"","steps":{"loading":{"sequence":1,"name":"loading","start":"2019-06-19T09:37:39.200Z","end":"2019-06-19T09:37:39.209Z","duration":0.0082}},"total_time":0.0082}
Completed 200 OK in 10ms (Views: 0.1ms | ActiveRecord: 0.0ms)


Started GET "/test" for ::1 at 2019-06-19 09:37:50 +0000
Processing by ApplicationController#index as HTML
{"caller":"index","name":"","steps":{"loading":{"sequence":1,"name":"loading","start":"2019-06-19T09:37:50.395Z","end":"2019-06-19T09:37:50.433Z","duration":0.0382}},"total_time":0.0383}
Completed 200 OK in 39ms (Views: 0.1ms | ActiveRecord: 0.0ms)


Started GET "/test" for ::1 at 2019-06-19 09:38:04 +0000
Processing by ApplicationController#index as HTML
{"caller":"index","name":"","steps":{"loading":{"sequence":1,"name":"loading","start":"2019-06-19T09:38:04.414Z","end":"2019-06-19T09:38:04.423Z","duration":0.0097}},"total_time":0.0097}
Completed 200 OK in 12ms (Views: 0.1ms | ActiveRecord: 0.0ms)


Started GET "/test" for ::1 at 2019-06-19 09:38:35 +0000
Processing by ApplicationController#index as HTML
{"caller":{},"name":"","steps":{"loading":{"sequence":1,"name":"loading","start":"2019-06-19T09:38:35.413Z","end":"2019-06-19T09:38:35.422Z","duration":0.0084}},"total_time":0.0085}
Completed 200 OK in 10ms (Views: 0.1ms | ActiveRecord: 0.0ms)


Started GET "/test" for ::1 at 2019-06-19 09:38:51 +0000
Processing by ApplicationController#index as HTML
{"caller":"/home/gabriel/RubymineProjects/Tracer/tracer-test/app/controllers/application_controller.rb:5:in `index'","name":"","steps":{"loading":{"sequence":1,"name":"loading","start":"2019-06-19T09:38:51.208Z","end":"2019-06-19T09:38:51.216Z","duration":0.0086}},"total_time":0.0087}
Completed 200 OK in 11ms (Views: 0.2ms | ActiveRecord: 0.0ms)


Started GET "/test" for ::1 at 2019-06-19 09:39:20 +0000
Processing by ApplicationController#index as HTML
{"caller":"/home/gabriel/RubymineProjects/Tracer/tracer-test/app/controllers/application_controller.rb:5:in `index'","name":"","steps":{"loading":{"sequence":1,"name":"loading","start":"2019-06-19T09:39:20.395Z","end":"2019-06-19T09:39:20.400Z","duration":0.0057}},"total_time":0.0057}
Completed 200 OK in 6ms (Views: 0.1ms | ActiveRecord: 0.0ms)


Started GET "/test" for ::1 at 2019-06-19 09:42:06 +0000
Processing by ApplicationController#index as HTML
Completed 500 Internal Server Error in 2ms (ActiveRecord: 0.0ms)


  
NoMethodError (undefined method `&' for #<Thread::Backtrace::Location:0x00007f24b302ab50>):
  
app/services/tracer_service.rb:14:in `get_caller'
app/services/tracer_service.rb:4:in `initialize'
app/controllers/application_controller.rb:5:in `new'
app/controllers/application_controller.rb:5:in `index'
Started GET "/test" for ::1 at 2019-06-19 09:42:18 +0000
Processing by ApplicationController#index as HTML
{"caller":"/home/gabriel/RubymineProjects/Tracer/tracer-test/app/controllers/application_controller.rb:5:in `index'","name":"","steps":{"loading":{"caller":"/home/gabriel/.gem/ruby/2.6.0/gems/actionpack-5.2.3/lib/action_controller/metal/basic_implicit_render.rb:6:in `send_action'","sequence":1,"name":"loading","start":"2019-06-19T09:42:18.960Z","end":"2019-06-19T09:42:18.967Z","duration":0.0066}},"total_time":0.0067}
Completed 200 OK in 8ms (Views: 0.1ms | ActiveRecord: 0.0ms)


Started GET "/test" for ::1 at 2019-06-19 09:42:39 +0000
Processing by ApplicationController#index as HTML
{"caller":"/home/gabriel/RubymineProjects/Tracer/tracer-test/app/controllers/application_controller.rb:5:in `index'","name":"","steps":{"loading":{"caller":"/home/gabriel/.gem/ruby/2.6.0/gems/actionpack-5.2.3/lib/action_controller/metal/basic_implicit_render.rb:6:in `send_action'","sequence":1,"name":"loading","start":"2019-06-19T09:42:39.566Z","end":"2019-06-19T09:42:39.574Z","duration":0.0077}},"total_time":0.0078}
Completed 200 OK in 10ms (Views: 0.1ms | ActiveRecord: 0.0ms)


Started GET "/test" for ::1 at 2019-06-19 09:42:50 +0000
Processing by ApplicationController#index as HTML
{"caller":"/home/gabriel/RubymineProjects/Tracer/tracer-test/app/controllers/application_controller.rb:5:in `index'","name":"","steps":{"loading":{"caller":"/home/gabriel/.gem/ruby/2.6.0/gems/actionpack-5.2.3/lib/action_controller/metal/basic_implicit_render.rb:6:in `send_action'","sequence":1,"name":"loading","start":"2019-06-19T09:42:50.018Z","end":"2019-06-19T09:42:50.023Z","duration":0.0045}},"total_time":0.0046}
Completed 200 OK in 6ms (Views: 0.1ms | ActiveRecord: 0.0ms)


Started GET "/test" for ::1 at 2019-06-19 09:42:58 +0000
Processing by ApplicationController#index as HTML
{"caller":"/home/gabriel/RubymineProjects/Tracer/tracer-test/app/controllers/application_controller.rb:5:in `index'","name":"","steps":{"loading":{"caller":"/home/gabriel/.gem/ruby/2.6.0/gems/actionpack-5.2.3/lib/action_controller/metal/basic_implicit_render.rb:6:in `send_action'","sequence":1,"name":"loading","start":"2019-06-19T09:42:58.872Z","end":"2019-06-19T09:42:58.892Z","duration":0.0201}},"total_time":0.0202}
Completed 200 OK in 22ms (Views: 0.3ms | ActiveRecord: 0.0ms)


Started GET "/test" for ::1 at 2019-06-19 09:43:29 +0000
Processing by ApplicationController#index as HTML
{"caller":"/home/gabriel/RubymineProjects/Tracer/tracer-test/app/controllers/application_controller.rb:5:in `index'","name":"","steps":{"loading":{"caller":"/home/gabriel/.gem/ruby/2.6.0/gems/actionpack-5.2.3/lib/abstract_controller/base.rb:194:in `process_action'","sequence":1,"name":"loading","start":"2019-06-19T09:43:29.124Z","end":"2019-06-19T09:43:29.129Z","duration":0.0045}},"total_time":0.0045}
Completed 200 OK in 6ms (Views: 0.1ms | ActiveRecord: 0.0ms)


Started GET "/test" for ::1 at 2019-06-19 09:43:41 +0000
Processing by ApplicationController#index as HTML
{"caller":"/home/gabriel/RubymineProjects/Tracer/tracer-test/app/controllers/application_controller.rb:5:in `index'","name":"","steps":{"loading":{"caller":"/home/gabriel/.gem/ruby/2.6.0/gems/actionpack-5.2.3/lib/abstract_controller/base.rb:194:in `process_action'","sequence":1,"name":"loading","start":"2019-06-19T09:43:41.355Z","end":"2019-06-19T09:43:41.359Z","duration":0.0044}},"total_time":0.0044}
Completed 200 OK in 5ms (Views: 0.1ms | ActiveRecord: 0.0ms)


Started GET "/test" for ::1 at 2019-06-19 09:43:48 +0000
Processing by ApplicationController#index as HTML
{"caller":"/home/gabriel/RubymineProjects/Tracer/tracer-test/app/controllers/application_controller.rb:5:in `index'","name":"","steps":{"loading":{"caller":"/home/gabriel/RubymineProjects/Tracer/tracer-test/app/controllers/application_controller.rb:7:in `index'","sequence":1,"name":"loading","start":"2019-06-19T09:43:48.647Z","end":"2019-06-19T09:43:48.652Z","duration":0.0049}},"total_time":0.0049}
Completed 200 OK in 6ms (Views: 0.1ms | ActiveRecord: 0.0ms)


Started GET "/test" for ::1 at 2019-06-19 09:44:56 +0000
Processing by ApplicationController#index as HTML
{"caller":"/home/gabriel/RubymineProjects/Tracer/tracer-test/app/controllers/application_controller.rb:5:in `index'","name":"","steps":{"loading":{"caller":"/home/gabriel/RubymineProjects/Tracer/tracer-test/app/controllers/application_controller.rb:7:in `index'","sequence":1,"name":"loading","start":"2019-06-19T09:44:56.647Z","end":"2019-06-19T09:44:56.651Z","duration":0.0044}},"total_time":0.0077}
Completed 200 OK in 9ms (Views: 0.1ms | ActiveRecord: 0.0ms)


Started GET "/test" for ::1 at 2019-06-19 09:45:27 +0000
Processing by ApplicationController#index as HTML
Completed 500 Internal Server Error in 2ms (ActiveRecord: 0.0ms)


  
NoMethodError (undefined method `path' for #<Pathname:/home/gabriel/RubymineProjects/Tracer/tracer-test>):
  
app/services/tracer_service.rb:4:in `initialize'
app/controllers/application_controller.rb:5:in `new'
app/controllers/application_controller.rb:5:in `index'
Started GET "/test" for ::1 at 2019-06-19 09:45:35 +0000
Processing by ApplicationController#index as HTML
Completed 500 Internal Server Error in 0ms (ActiveRecord: 0.0ms)


  
NoMethodError (undefined method `path' for #<Pathname:/home/gabriel/RubymineProjects/Tracer/tracer-test>):
  
app/services/tracer_service.rb:4:in `initialize'
app/controllers/application_controller.rb:5:in `new'
app/controllers/application_controller.rb:5:in `index'
Started GET "/test" for ::1 at 2019-06-19 09:45:36 +0000
Processing by ApplicationController#index as HTML
{"caller":"/home/gabriel/RubymineProjects/Tracer/tracer-test/app/controllers/application_controller.rb:5:in `index'","name":"","steps":{"loading":{"caller":"/home/gabriel/RubymineProjects/Tracer/tracer-test/app/controllers/application_controller.rb:7:in `index'","sequence":1,"name":"loading","start":"2019-06-19T09:45:36.836Z","end":"2019-06-19T09:45:36.845Z","duration":0.0095}},"total_time":0.0096}
Completed 200 OK in 12ms (Views: 0.2ms | ActiveRecord: 0.0ms)


Started GET "/test" for ::1 at 2019-06-19 09:47:00 +0000
Processing by ApplicationController#index as HTML
Completed 500 Internal Server Error in 1ms (ActiveRecord: 0.0ms)


  
TypeError (no implicit conversion of Pathname into Integer):
  
app/services/tracer_service.rb:16:in `slice'
app/services/tracer_service.rb:16:in `get_caller'
app/services/tracer_service.rb:5:in `initialize'
app/controllers/application_controller.rb:5:in `new'
app/controllers/application_controller.rb:5:in `index'
Started GET "/test" for ::1 at 2019-06-19 09:47:07 +0000
Processing by ApplicationController#index as HTML
Completed 500 Internal Server Error in 0ms (ActiveRecord: 0.0ms)


  
TypeError (no implicit conversion of Pathname into Integer):
  
app/services/tracer_service.rb:16:in `slice'
app/services/tracer_service.rb:16:in `get_caller'
app/services/tracer_service.rb:5:in `initialize'
app/controllers/application_controller.rb:5:in `new'
app/controllers/application_controller.rb:5:in `index'
Started GET "/test" for ::1 at 2019-06-19 09:47:08 +0000
Processing by ApplicationController#index as HTML
Completed 500 Internal Server Error in 1ms (ActiveRecord: 0.0ms)


  
TypeError (no implicit conversion of Pathname into Integer):
  
app/services/tracer_service.rb:16:in `slice'
app/services/tracer_service.rb:16:in `get_caller'
app/services/tracer_service.rb:5:in `initialize'
app/controllers/application_controller.rb:5:in `new'
app/controllers/application_controller.rb:5:in `index'
Started GET "/test" for ::1 at 2019-06-19 09:47:19 +0000
Processing by ApplicationController#index as HTML
Completed 500 Internal Server Error in 0ms (ActiveRecord: 0.0ms)


  
TypeError (no implicit conversion of Pathname into Integer):
  
app/services/tracer_service.rb:16:in `slice'
app/services/tracer_service.rb:16:in `get_caller'
app/services/tracer_service.rb:5:in `initialize'
app/controllers/application_controller.rb:5:in `new'
app/controllers/application_controller.rb:5:in `index'
Started GET "/test" for ::1 at 2019-06-19 09:47:23 +0000
Processing by ApplicationController#index as HTML
{"caller":"/home/gabriel/RubymineProjects/Tracer/tracer-test","name":"","steps":{"loading":{"caller":"/home/gabriel/RubymineProjects/Tracer/tracer-test","sequence":1,"name":"loading","start":"2019-06-19T09:47:23.674Z","end":"2019-06-19T09:47:23.679Z","duration":0.0049}},"total_time":0.005}
Completed 200 OK in 6ms (Views: 0.1ms | ActiveRecord: 0.0ms)


Started GET "/test" for ::1 at 2019-06-19 09:47:35 +0000
Processing by ApplicationController#index as HTML
{"caller":"/home/gabriel/RubymineProjects/Tracer/tracer-test","name":"","steps":{"loading":{"caller":"/home/gabriel/RubymineProjects/Tracer/tracer-test","sequence":1,"name":"loading","start":"2019-06-19T09:47:35.602Z","end":"2019-06-19T09:47:35.618Z","duration":0.0162}},"total_time":0.0163}
Completed 200 OK in 18ms (Views: 0.1ms | ActiveRecord: 0.0ms)


Started GET "/test" for ::1 at 2019-06-19 09:47:46 +0000
Processing by ApplicationController#index as HTML
Completed 500 Internal Server Error in 2ms (ActiveRecord: 0.0ms)


  
NoMethodError (undefined method `path_name' for #<Pathname:/home/gabriel/RubymineProjects/Tracer/tracer-test>):
  
app/services/tracer_service.rb:4:in `initialize'
app/controllers/application_controller.rb:5:in `new'
app/controllers/application_controller.rb:5:in `index'
Started GET "/test" for ::1 at 2019-06-19 09:48:50 +0000
Processing by ApplicationController#index as HTML
Completed 500 Internal Server Error in 4ms (ActiveRecord: 0.0ms)


  
TypeError (no implicit conversion of Pathname into Integer):
  
app/services/tracer_service.rb:17:in `slice!'
app/services/tracer_service.rb:17:in `get_caller'
app/services/tracer_service.rb:5:in `initialize'
app/controllers/application_controller.rb:5:in `new'
app/controllers/application_controller.rb:5:in `index'
Started GET "/test" for ::1 at 2019-06-19 09:49:08 +0000
Processing by ApplicationController#index as HTML
{"caller":"lalala","name":"","steps":{"loading":{"caller":"lalala","sequence":1,"name":"loading","start":"2019-06-19T09:49:08.365Z","end":"2019-06-19T09:49:08.375Z","duration":0.0097}},"total_time":0.0098}
Completed 200 OK in 11ms (Views: 0.1ms | ActiveRecord: 0.0ms)


Started GET "/test" for ::1 at 2019-06-19 09:49:32 +0000
Processing by ApplicationController#index as HTML
{"caller":"lalala","name":"","steps":{"loading":{"caller":"lalala","sequence":1,"name":"loading","start":"2019-06-19T09:49:32.126Z","end":"2019-06-19T09:49:32.141Z","duration":0.0144}},"total_time":0.0146}
Completed 200 OK in 16ms (Views: 0.1ms | ActiveRecord: 0.0ms)


Started GET "/test" for ::1 at 2019-06-19 09:49:41 +0000
Processing by ApplicationController#index as HTML
{"caller":"lalala","name":"","steps":{"loading":{"caller":"lalala","sequence":1,"name":"loading","start":"2019-06-19T09:49:41.175Z","end":"2019-06-19T09:49:41.182Z","duration":0.0072}},"total_time":0.0072}
Completed 200 OK in 8ms (Views: 0.1ms | ActiveRecord: 0.0ms)


Started GET "/test" for ::1 at 2019-06-19 09:49:47 +0000
Processing by ApplicationController#index as HTML
Completed 500 Internal Server Error in 18ms (ActiveRecord: 0.0ms)


  
NoMethodError (undefined method `path' for #<Pathname:/home/gabriel/RubymineProjects/Tracer/tracer-test/x>):
  
app/controllers/application_controller.rb:23:in `index'
Started GET "/test" for ::1 at 2019-06-19 09:49:51 +0000
Processing by ApplicationController#index as HTML
Completed 500 Internal Server Error in 9ms (ActiveRecord: 0.0ms)


  
NoMethodError (undefined method `path' for #<Pathname:/home/gabriel/RubymineProjects/Tracer/tracer-test/x>):
  
app/controllers/application_controller.rb:23:in `index'
Started GET "/test" for ::1 at 2019-06-19 09:50:51 +0000
Processing by ApplicationController#index as HTML
Completed 500 Internal Server Error in 32ms (ActiveRecord: 0.0ms)


  
NoMethodError (undefined method `path' for #<Pathname:/home/gabriel/RubymineProjects/Tracer/tracer-test/x>):
  
app/controllers/application_controller.rb:23:in `index'
Started GET "/test" for ::1 at 2019-06-19 09:51:01 +0000
Processing by ApplicationController#index as HTML
{"caller":"lalala","name":"","steps":{"loading":{"caller":"lalala","sequence":1,"name":"loading","start":"2019-06-19T09:51:02.001Z","end":"2019-06-19T09:51:02.010Z","duration":0.0083}},"total_time":0.0084}
Completed 200 OK in 9ms (Views: 0.2ms | ActiveRecord: 0.0ms)


Started GET "/test" for ::1 at 2019-06-19 09:51:13 +0000
Processing by ApplicationController#index as HTML
{"caller":"lalala","name":"","steps":{"loading":{"caller":"lalala","sequence":1,"name":"loading","start":"2019-06-19T09:51:13.141Z","end":"2019-06-19T09:51:13.150Z","duration":0.0089}},"total_time":0.009}
Completed 200 OK in 11ms (Views: 0.1ms | ActiveRecord: 0.0ms)


Started GET "/test" for ::1 at 2019-06-19 09:51:27 +0000
Processing by ApplicationController#index as HTML
{"caller":"lalala","name":"","steps":{"loading":{"caller":"lalala","sequence":1,"name":"loading","start":"2019-06-19T09:51:27.625Z","end":"2019-06-19T09:51:27.633Z","duration":0.008}},"total_time":0.0081}
Completed 200 OK in 9ms (Views: 0.1ms | ActiveRecord: 0.0ms)


Started GET "/test" for ::1 at 2019-06-19 09:51:43 +0000
Processing by ApplicationController#index as HTML
{"caller":"lalala","name":"","steps":{"loading":{"caller":"lalala","sequence":1,"name":"loading","start":"2019-06-19T09:51:43.152Z","end":"2019-06-19T09:51:43.186Z","duration":0.0341}},"total_time":0.0341}
Completed 200 OK in 35ms (Views: 0.1ms | ActiveRecord: 0.0ms)


Started GET "/test" for ::1 at 2019-06-19 09:51:58 +0000
Processing by ApplicationController#index as HTML
{"caller":"lalala","name":"","steps":{"loading":{"caller":"lalala","sequence":1,"name":"loading","start":"2019-06-19T09:51:58.694Z","end":"2019-06-19T09:51:58.701Z","duration":0.0069}},"total_time":0.0069}
Completed 200 OK in 8ms (Views: 0.1ms | ActiveRecord: 0.0ms)


Started GET "/test" for ::1 at 2019-06-19 09:52:05 +0000
Processing by ApplicationController#index as HTML
{"caller":"lalala","name":"","steps":{"loading":{"caller":"lalala","sequence":1,"name":"loading","start":"2019-06-19T09:52:05.138Z","end":"2019-06-19T09:52:05.148Z","duration":0.0099}},"total_time":0.01}
Completed 200 OK in 12ms (Views: 0.1ms | ActiveRecord: 0.0ms)


Started GET "/test" for ::1 at 2019-06-19 09:52:18 +0000
Processing by ApplicationController#index as HTML
{"caller":"/home/gabriel/RubymineProjects/Tracer/tracer-test","name":"","steps":{"loading":{"caller":"/home/gabriel/RubymineProjects/Tracer/tracer-test","sequence":1,"name":"loading","start":"2019-06-19T09:52:18.304Z","end":"2019-06-19T09:52:18.325Z","duration":0.0205}},"total_time":0.0206}
Completed 200 OK in 23ms (Views: 0.1ms | ActiveRecord: 0.0ms)


Started GET "/test" for ::1 at 2019-06-19 09:52:18 +0000
Processing by ApplicationController#index as HTML
{"caller":"/home/gabriel/RubymineProjects/Tracer/tracer-test","name":"","steps":{"loading":{"caller":"/home/gabriel/RubymineProjects/Tracer/tracer-test","sequence":1,"name":"loading","start":"2019-06-19T09:52:19.004Z","end":"2019-06-19T09:52:19.050Z","duration":0.0463}},"total_time":0.0464}
Completed 200 OK in 49ms (Views: 0.1ms | ActiveRecord: 0.0ms)


Started GET "/test" for ::1 at 2019-06-19 09:52:36 +0000
Processing by ApplicationController#index as HTML
{"caller":"/home/gabriel/RubymineProjects/Tracer/tracer-test","name":"","steps":{"loading":{"caller":"/home/gabriel/RubymineProjects/Tracer/tracer-test","sequence":1,"name":"loading","start":"2019-06-19T09:52:36.605Z","end":"2019-06-19T09:52:36.617Z","duration":0.0114}},"total_time":0.0115}
Completed 200 OK in 14ms (Views: 0.1ms | ActiveRecord: 0.0ms)


Started GET "/test" for ::1 at 2019-06-19 09:53:01 +0000
Processing by ApplicationController#index as HTML
{"caller":"lalalal","name":"","steps":{"loading":{"caller":"lalalal","sequence":1,"name":"loading","start":"2019-06-19T09:53:01.494Z","end":"2019-06-19T09:53:01.499Z","duration":0.0054}},"total_time":0.0055}
Completed 200 OK in 9ms (Views: 0.1ms | ActiveRecord: 0.0ms)


Started GET "/test" for ::1 at 2019-06-19 09:53:02 +0000
Processing by ApplicationController#index as HTML
{"caller":"lalalal","name":"","steps":{"loading":{"caller":"lalalal","sequence":1,"name":"loading","start":"2019-06-19T09:53:02.717Z","end":"2019-06-19T09:53:02.743Z","duration":0.0258}},"total_time":0.0258}
Completed 200 OK in 27ms (Views: 0.1ms | ActiveRecord: 0.0ms)


Started GET "/test" for ::1 at 2019-06-19 09:53:21 +0000
Processing by ApplicationController#index as HTML
{"caller":"lalalal","name":"","steps":{"loading":{"caller":"lalalal","sequence":1,"name":"loading","start":"2019-06-19T09:53:21.105Z","end":"2019-06-19T09:53:21.115Z","duration":0.0098}},"total_time":0.0099}
Completed 200 OK in 12ms (Views: 0.1ms | ActiveRecord: 0.0ms)


Started GET "/test" for ::1 at 2019-06-19 09:53:33 +0000
Processing by ApplicationController#index as HTML
{"caller":"lalalal","name":"","steps":{"loading":{"caller":"lalalal","sequence":1,"name":"loading","start":"2019-06-19T09:53:33.499Z","end":"2019-06-19T09:53:33.512Z","duration":0.0129}},"total_time":0.0129}
Completed 200 OK in 15ms (Views: 0.1ms | ActiveRecord: 0.0ms)


Started GET "/test" for ::1 at 2019-06-19 09:53:40 +0000
Processing by ApplicationController#index as HTML
Completed 500 Internal Server Error in 1ms (ActiveRecord: 0.0ms)


  
ArgumentError (wrong number of arguments (given 0, expected 1..2)):
  
app/services/tracer_service.rb:18:in `[]'
app/services/tracer_service.rb:18:in `get_caller'
app/services/tracer_service.rb:5:in `initialize'
app/controllers/application_controller.rb:5:in `new'
app/controllers/application_controller.rb:5:in `index'
Started GET "/test" for ::1 at 2019-06-19 09:53:43 +0000
Processing by ApplicationController#index as HTML
{"caller":"lalalal","name":"","steps":{"loading":{"caller":"lalalal","sequence":1,"name":"loading","start":"2019-06-19T09:53:43.541Z","end":"2019-06-19T09:53:43.553Z","duration":0.0125}},"total_time":0.0125}
Completed 200 OK in 14ms (Views: 0.1ms | ActiveRecord: 0.0ms)


Started GET "/test" for ::1 at 2019-06-19 09:53:45 +0000
Processing by ApplicationController#index as HTML
{"caller":"lalalal","name":"","steps":{"loading":{"caller":"lalalal","sequence":1,"name":"loading","start":"2019-06-19T09:53:45.710Z","end":"2019-06-19T09:53:45.714Z","duration":0.0046}},"total_time":0.0046}
Completed 200 OK in 5ms (Views: 0.1ms | ActiveRecord: 0.0ms)


Started GET "/test" for ::1 at 2019-06-19 09:53:55 +0000
Processing by ApplicationController#index as HTML
{"caller":"lalalal","name":"","steps":{"loading":{"caller":"lalalal","sequence":1,"name":"loading","start":"2019-06-19T09:53:55.635Z","end":"2019-06-19T09:53:55.641Z","duration":0.0063}},"total_time":0.0063}
Completed 200 OK in 8ms (Views: 0.1ms | ActiveRecord: 0.0ms)


Started GET "/test" for ::1 at 2019-06-19 09:54:04 +0000
Processing by ApplicationController#index as HTML
{"caller":"lalalal","name":"","steps":{"loading":{"caller":"lalalal","sequence":1,"name":"loading","start":"2019-06-19T09:54:04.906Z","end":"2019-06-19T09:54:04.915Z","duration":0.0085}},"total_time":0.0086}
Completed 200 OK in 11ms (Views: 0.2ms | ActiveRecord: 0.0ms)


Started GET "/test" for ::1 at 2019-06-19 09:54:42 +0000
Processing by ApplicationController#index as HTML
{"caller":"/app/controllers/application_controller.rb:5:in `index'","name":"","steps":{"loading":{"caller":"/app/controllers/application_controller.rb:7:in `index'","sequence":1,"name":"loading","start":"2019-06-19T09:54:42.508Z","end":"2019-06-19T09:54:42.512Z","duration":0.0045}},"total_time":0.0046}
Completed 200 OK in 6ms (Views: 0.1ms | ActiveRecord: 0.0ms)


Started GET "/test" for ::1 at 2019-06-19 10:11:28 +0000
Processing by ApplicationController#index as HTML
{"caller":"/app/controllers/application_controller.rb:5:in `index'","name":"","steps":{"loading":{"caller":"/app/controllers/application_controller.rb:7:in `index'","sequence":1,"name":"loading","start":"2019-06-19T10:11:28.552Z","end":"2019-06-19T10:11:28.559Z","duration":0.0062}},"total_time":0.0062}
Completed 200 OK in 7ms (Views: 0.1ms | ActiveRecord: 0.0ms)


Started GET "/test" for ::1 at 2019-06-19 10:11:55 +0000
Processing by ApplicationController#index as HTML
{"caller":null,"name":"","steps":{"loading":{"caller":"/app/controllers/application_controller.rb:7:in `index'","sequence":1,"name":"loading","start":"2019-06-19T10:11:55.479Z","end":"2019-06-19T10:11:55.485Z","duration":0.006}},"total_time":0.006}
Completed 200 OK in 7ms (Views: 0.1ms | ActiveRecord: 0.0ms)


Started GET "/test" for ::1 at 2019-06-19 10:12:18 +0000
Processing by ApplicationController#index as HTML
{"steps":{"loading":{"caller":"/app/controllers/application_controller.rb:7:in `index'","sequence":1,"name":"loading","start":"2019-06-19T10:12:19.008Z","end":"2019-06-19T10:12:19.014Z","duration":0.0056}},"total_time":0.0056}
Completed 200 OK in 7ms (Views: 0.1ms | ActiveRecord: 0.0ms)


Started GET "/test" for ::1 at 2019-06-19 10:17:19 +0000
Processing by ApplicationController#index as HTML
{"steps":{"loading":{"caller":"/app/controllers/application_controller.rb:7:in `index'","sequence":1,"name":"loading","start":"2019-06-19T10:17:19.369Z","end":"2019-06-19T10:17:19.375Z","duration":0.0059}},"total_time":0.0059}
Completed 200 OK in 7ms (Views: 0.1ms | ActiveRecord: 0.0ms)


Started GET "/test" for ::1 at 2019-06-19 10:20:53 +0000
Processing by ApplicationController#index as HTML
Completed 500 Internal Server Error in 7ms (ActiveRecord: 0.0ms)


  
NoMethodError (undefined method `end' for #<SimpleTracer:0x000055f8bec4f380>):
  
app/controllers/application_controller.rb:17:in `index'
Started GET "/test" for ::1 at 2019-06-19 10:20:57 +0000
Processing by ApplicationController#index as HTML
{"steps":{"loading":{"caller":"/app/controllers/application_controller.rb:7:in `index'","sequence":1,"name":"loading","start":"2019-06-19T10:20:57.380Z","end":"2019-06-19T10:20:57.385Z","duration":0.005}},"total_time":0.005}
Completed 200 OK in 6ms (Views: 0.1ms | ActiveRecord: 0.0ms)


Started GET "/test" for ::1 at 2019-06-19 10:24:43 +0000
Processing by ApplicationController#index as HTML
{"steps":{"loading":{"caller":"/app/controllers/application_controller.rb:7:in `index'","sequence":1,"name":"loading","start":"2019-06-19T10:24:43.446Z","end":"2019-06-19T10:24:43.458Z","duration":0.0121},"slow_method":{"caller":"/app/controllers/application_controller.rb:17:in `index'","sequence":2,"name":"slow_method","start":"2019-06-19T10:24:43.458Z","end":"2019-06-19T10:24:46.459Z","duration":3.0002}},"total_time":3.0124}
Completed 200 OK in 3014ms (Views: 0.2ms | ActiveRecord: 0.0ms)


Started GET "/test" for ::1 at 2019-06-19 10:27:58 +0000
Processing by ApplicationController#index as HTML
{"steps":{"loading":{"caller":"/app/controllers/application_controller.rb:7:in `index'","sequence":1,"name":"loading","start":"2019-06-19T10:27:58.463Z","end":"2019-06-19T10:27:58.482Z","duration":0.0195},"slow_method":{"caller":"/app/controllers/application_controller.rb:17:in `index'","sequence":2,"name":"slow_method","start":"2019-06-19T10:27:58.482Z","end":"2019-06-19T10:28:01.482Z","duration":3.0003}},"total_time":3.0198}
Completed 200 OK in 3022ms (Views: 0.4ms | ActiveRecord: 0.0ms)


Started GET "/test" for ::1 at 2019-06-19 10:28:15 +0000
Processing by ApplicationController#index as HTML
{"steps":{"loading":{"caller":"/app/controllers/application_controller.rb:7:in `index'","sequence":1,"name":"loading","start":"2019-06-19T10:28:15.122Z","end":"2019-06-19T10:28:15.122Z","duration":0.0002},"slow_method":{"caller":"/app/controllers/application_controller.rb:17:in `index'","sequence":2,"name":"slow_method","start":"2019-06-19T10:28:15.122Z","end":"2019-06-19T10:28:18.122Z","duration":3.0002}},"total_time":3.0005}
Completed 200 OK in 3005ms (Views: 0.5ms | ActiveRecord: 0.0ms)


Started GET "/" for ::1 at 2019-06-20 00:58:19 +0000
Processing by Rails::WelcomeController#index as HTML
  Rendering /home/gabriel/.gem/ruby/2.6.0/gems/railties-5.2.3/lib/rails/templates/rails/welcome/index.html.erb
  Rendered /home/gabriel/.gem/ruby/2.6.0/gems/railties-5.2.3/lib/rails/templates/rails/welcome/index.html.erb (1.4ms)
Completed 200 OK in 6ms (Views: 2.8ms | ActiveRecord: 0.0ms)


Started GET "/test" for ::1 at 2019-06-20 00:58:27 +0000
Processing by ApplicationController#index as HTML
Completed 500 Internal Server Error in 3002ms (ActiveRecord: 0.0ms)


  
ArgumentError (wrong number of arguments (given 0, expected 1..2)):
  
app/controllers/application_controller.rb:21:in `index'
Started GET "/test" for ::1 at 2019-06-20 00:58:54 +0000
Processing by ApplicationController#index as HTML
Completed 500 Internal Server Error in 3002ms (ActiveRecord: 0.0ms)


  
ArgumentError (wrong number of arguments (given 0, expected 1..2)):
  
app/controllers/application_controller.rb:21:in `index'
Started GET "/test" for ::1 at 2019-06-20 00:59:17 +0000
Processing by ApplicationController#index as HTML
null
Completed 200 OK in 3003ms (Views: 0.4ms | ActiveRecord: 0.0ms)


Started GET "/test" for ::1 at 2019-06-20 01:00:13 +0000
Processing by ApplicationController#index as HTML
Completed 200 OK in 3002ms (Views: 0.4ms | ActiveRecord: 0.0ms)


Started GET "/test" for ::1 at 2019-06-20 01:00:20 +0000
Processing by ApplicationController#index as HTML
Completed 200 OK in 1002ms (Views: 0.4ms | ActiveRecord: 0.0ms)


Started GET "/test" for ::1 at 2019-06-20 01:01:15 +0000
Processing by ApplicationController#index as HTML
Completed 200 OK in 1003ms (Views: 0.3ms | ActiveRecord: 0.0ms)


Started GET "/test" for ::1 at 2019-06-20 01:01:17 +0000
Processing by ApplicationController#index as HTML
Completed 200 OK in 1002ms (Views: 0.3ms | ActiveRecord: 0.0ms)


Started GET "/test" for ::1 at 2019-06-20 01:02:05 +0000
Processing by ApplicationController#index as HTML
Completed 200 OK in 1002ms (Views: 0.3ms | ActiveRecord: 0.0ms)


Started GET "/test" for ::1 at 2019-06-20 01:02:51 +0000
Processing by ApplicationController#index as HTML
Completed 200 OK in 1002ms (Views: 0.4ms | ActiveRecord: 0.0ms)


Started GET "/test?trace=true" for ::1 at 2019-06-20 01:03:10 +0000
Processing by ApplicationController#index as HTML
  Parameters: {"trace"=>"true"}
Completed 500 Internal Server Error in 2ms (ActiveRecord: 0.0ms)


  
NameError (uninitialized constant SimpleProfiler::Step):
  
app/models/simple_profiler.rb:45:in `start'
app/controllers/application_controller.rb:7:in `index'
Started GET "/test?trace=true" for ::1 at 2019-06-20 01:04:22 +0000
Processing by ApplicationController#index as HTML
  Parameters: {"trace"=>"true"}
Completed 500 Internal Server Error in 2ms (ActiveRecord: 0.0ms)


  
NameError (uninitialized constant SimpleProfiler::Step):
  
app/models/simple_profiler.rb:45:in `start'
app/controllers/application_controller.rb:7:in `index'
Started GET "/test?trace=true" for ::1 at 2019-06-20 01:04:23 +0000
Processing by ApplicationController#index as HTML
  Parameters: {"trace"=>"true"}
Completed 500 Internal Server Error in 3ms (ActiveRecord: 0.0ms)


  
NameError (uninitialized constant SimpleProfiler::Step):
  
app/models/simple_profiler.rb:45:in `start'
app/controllers/application_controller.rb:7:in `index'
Started GET "/test?trace=true" for ::1 at 2019-06-20 01:04:31 +0000
Processing by ApplicationController#index as HTML
  Parameters: {"trace"=>"true"}
Completed 500 Internal Server Error in 1ms (ActiveRecord: 0.0ms)


  
NoMethodError (undefined method `get_caller' for #<SimpleProfiler::Step:0x00007f61040efd78 @name="loading">):
  
app/models/simple_profiler.rb:6:in `initialize'
app/models/simple_profiler.rb:45:in `new'
app/models/simple_profiler.rb:45:in `start'
app/controllers/application_controller.rb:7:in `index'
Started GET "/test?trace=true" for ::1 at 2019-06-20 01:04:52 +0000
Processing by ApplicationController#index as HTML
  Parameters: {"trace"=>"true"}
Completed 500 Internal Server Error in 1003ms (ActiveRecord: 0.0ms)


  
NoMethodError (undefined method `time' for #<SimpleProfiler::Step:0x0000561f352bdc48>):
  
app/models/simple_profiler.rb:66:in `block in simple_report'
app/models/simple_profiler.rb:65:in `each'
app/models/simple_profiler.rb:65:in `simple_report'
app/controllers/application_controller.rb:21:in `index'
Started GET "/test?trace=true" for ::1 at 2019-06-20 01:07:02 +0000
Processing by ApplicationController#index as HTML
  Parameters: {"trace"=>"true"}
Completed 500 Internal Server Error in 1002ms (ActiveRecord: 0.0ms)


  
ArgumentError (comparison of Float with SimpleProfiler::Step failed):
  
app/models/simple_profiler.rb:82:in `>'
app/models/simple_profiler.rb:82:in `block in simple_report'
app/models/simple_profiler.rb:81:in `each'
app/models/simple_profiler.rb:81:in `simple_report'
app/controllers/application_controller.rb:21:in `index'
Started GET "/test?trace=true" for ::1 at 2019-06-20 01:07:26 +0000
Processing by ApplicationController#index as HTML
  Parameters: {"trace"=>"true"}
Completed 200 OK in 1003ms (Views: 0.6ms | ActiveRecord: 0.0ms)


Started GET "/test?trace=true" for ::1 at 2019-06-20 01:07:45 +0000
Processing by ApplicationController#index as HTML
  Parameters: {"trace"=>"true"}
Completed 200 OK in 1004ms (Views: 0.6ms | ActiveRecord: 0.0ms)


Started GET "/test?trace=true" for ::1 at 2019-06-20 01:07:52 +0000
Processing by ApplicationController#index as HTML
  Parameters: {"trace"=>"true"}
Completed 200 OK in 1004ms (Views: 0.6ms | ActiveRecord: 0.0ms)


Started GET "/test?trace=true" for ::1 at 2019-06-20 01:08:06 +0000
Processing by ApplicationController#index as HTML
  Parameters: {"trace"=>"true"}
Completed 200 OK in 1004ms (Views: 0.6ms | ActiveRecord: 0.0ms)


Started GET "/test?trace=true" for ::1 at 2019-06-20 01:08:13 +0000
Processing by ApplicationController#index as HTML
  Parameters: {"trace"=>"true"}
Completed 200 OK in 1004ms (Views: 0.6ms | ActiveRecord: 0.0ms)


Started GET "/test?trace=true" for ::1 at 2019-06-20 01:08:16 +0000
Processing by ApplicationController#index as HTML
  Parameters: {"trace"=>"true"}
Completed 200 OK in 1002ms (Views: 0.5ms | ActiveRecord: 0.0ms)


Started GET "/test?trace=true" for ::1 at 2019-06-20 01:08:20 +0000
Processing by ApplicationController#index as HTML
  Parameters: {"trace"=>"true"}
Completed 200 OK in 1003ms (Views: 0.6ms | ActiveRecord: 0.0ms)


Started GET "/test?trace=true" for ::1 at 2019-06-20 01:08:24 +0000
Processing by ApplicationController#index as HTML
  Parameters: {"trace"=>"true"}
Completed 200 OK in 1006ms (Views: 0.6ms | ActiveRecord: 0.0ms)


Started GET "/test?trace=true" for ::1 at 2019-06-20 01:08:28 +0000
Processing by ApplicationController#index as HTML
  Parameters: {"trace"=>"true"}
Completed 200 OK in 1003ms (Views: 0.6ms | ActiveRecord: 0.0ms)


Started GET "/test?trace=true" for ::1 at 2019-06-20 01:10:23 +0000
Processing by ApplicationController#index as HTML
  Parameters: {"trace"=>"true"}
Completed 500 Internal Server Error in 2ms (ActiveRecord: 0.0ms)


  
NameError (uninitialized class variable @@root in SimpleProfiler::Step):
  
app/models/simple_profiler.rb:56:in `get_caller'
app/models/simple_profiler.rb:9:in `initialize'
app/models/simple_profiler.rb:69:in `new'
app/models/simple_profiler.rb:69:in `start'
app/controllers/application_controller.rb:7:in `index'
Started GET "/test?trace=true" for ::1 at 2019-06-20 01:10:48 +0000
Processing by ApplicationController#index as HTML
  Parameters: {"trace"=>"true"}
Completed 200 OK in 1004ms (Views: 0.4ms | ActiveRecord: 0.0ms)


Started GET "/test?trace=true" for ::1 at 2019-06-20 01:11:38 +0000
Processing by ApplicationController#index as HTML
  Parameters: {"trace"=>"true"}
Completed 200 OK in 1061ms (Views: 0.6ms | ActiveRecord: 0.0ms)


Started GET "/test?trace=true" for ::1 at 2019-06-20 01:12:18 +0000
Processing by ApplicationController#index as HTML
  Parameters: {"trace"=>"true"}
Completed 200 OK in 1060ms (Views: 0.5ms | ActiveRecord: 0.0ms)


Started GET "/test?trace=true" for ::1 at 2019-06-20 01:12:20 +0000
Processing by ApplicationController#index as HTML
  Parameters: {"trace"=>"true"}
Completed 200 OK in 1075ms (Views: 0.6ms | ActiveRecord: 0.0ms)


Started GET "/test?trace=true" for ::1 at 2019-06-20 01:12:22 +0000
Processing by ApplicationController#index as HTML
  Parameters: {"trace"=>"true"}
Completed 200 OK in 1083ms (Views: 0.6ms | ActiveRecord: 0.0ms)


Started GET "/test?trace=true" for ::1 at 2019-06-20 01:12:23 +0000
Processing by ApplicationController#index as HTML
  Parameters: {"trace"=>"true"}
Completed 200 OK in 1077ms (Views: 0.5ms | ActiveRecord: 0.0ms)


Started GET "/test?trace=true" for ::1 at 2019-06-20 01:12:25 +0000
Processing by ApplicationController#index as HTML
  Parameters: {"trace"=>"true"}
Completed 200 OK in 1068ms (Views: 0.6ms | ActiveRecord: 0.0ms)


Started GET "/test?trace=true" for ::1 at 2019-06-20 01:12:26 +0000
Processing by ApplicationController#index as HTML
  Parameters: {"trace"=>"true"}
Completed 200 OK in 1079ms (Views: 0.5ms | ActiveRecord: 0.0ms)


Started GET "/test?trace=true" for ::1 at 2019-06-20 01:12:35 +0000
Processing by ApplicationController#index as HTML
  Parameters: {"trace"=>"true"}
Completed 200 OK in 1002ms (Views: 0.6ms | ActiveRecord: 0.0ms)


Started GET "/test?trace=true" for ::1 at 2019-06-20 01:12:43 +0000
Processing by ApplicationController#index as HTML
  Parameters: {"trace"=>"true"}
Completed 200 OK in 1002ms (Views: 0.5ms | ActiveRecord: 0.0ms)


Started GET "/test?trace=true" for ::1 at 2019-06-20 01:14:10 +0000
Processing by ApplicationController#index as HTML
  Parameters: {"trace"=>"true"}
Completed 200 OK in 1003ms (Views: 0.4ms | ActiveRecord: 0.0ms)


Started GET "/test?trace=true" for ::1 at 2019-06-20 01:14:24 +0000
Processing by ApplicationController#index as HTML
  Parameters: {"trace"=>"true"}
Completed 200 OK in 1069ms (Views: 0.4ms | ActiveRecord: 0.0ms)


Started GET "/test?trace=true" for ::1 at 2019-06-20 01:15:36 +0000
Processing by ApplicationController#index as HTML
  Parameters: {"trace"=>"true"}
Completed 500 Internal Server Error in 1055ms (ActiveRecord: 0.0ms)


  
NoMethodError (undefined method `report' for #<Array:0x0000561f3532cb70>):
  
app/models/simple_profiler.rb:120:in `each'
app/models/simple_profiler.rb:120:in `map'
app/models/simple_profiler.rb:120:in `full_report'
app/controllers/application_controller.rb:25:in `index'
Started GET "/test?trace=true" for ::1 at 2019-06-20 01:16:23 +0000
Processing by ApplicationController#index as HTML
  Parameters: {"trace"=>"true"}
Completed 200 OK in 1008ms (Views: 0.7ms | ActiveRecord: 0.0ms)


Started GET "/test?trace=true" for ::1 at 2019-06-20 01:18:42 +0000
Processing by ApplicationController#index as HTML
  Parameters: {"trace"=>"true"}
Completed 200 OK in 1003ms (Views: 0.6ms | ActiveRecord: 0.0ms)


Started GET "/test?trace=true" for ::1 at 2019-06-20 01:22:33 +0000
Processing by ApplicationController#index as HTML
  Parameters: {"trace"=>"true"}
Completed 200 OK in 1004ms (Views: 0.6ms | ActiveRecord: 0.0ms)


Started GET "/test?trace=true" for ::1 at 2019-06-20 01:24:50 +0000
Processing by ApplicationController#index as HTML
  Parameters: {"trace"=>"true"}
Completed 200 OK in 1004ms (Views: 0.6ms | ActiveRecord: 0.0ms)


Started GET "/test?trace=true" for ::1 at 2019-06-20 01:26:08 +0000
Processing by ApplicationController#index as HTML
  Parameters: {"trace"=>"true"}
Completed 500 Internal Server Error in 1ms (ActiveRecord: 0.0ms)


  
NameError (uninitialized class variable @@root in SimpleProfiler::Step):
  
app/models/simple_profiler.rb:5:in `initialize'
app/models/simple_profiler.rb:68:in `new'
app/models/simple_profiler.rb:68:in `start'
app/controllers/application_controller.rb:7:in `index'
Started GET "/test?trace=true" for ::1 at 2019-06-20 01:26:31 +0000
Processing by ApplicationController#index as HTML
  Parameters: {"trace"=>"true"}
Completed 200 OK in 1004ms (Views: 0.6ms | ActiveRecord: 0.0ms)


Started GET "/test?trace=true" for ::1 at 2019-06-20 01:27:18 +0000
Processing by ApplicationController#index as HTML
  Parameters: {"trace"=>"true"}
Completed 200 OK in 1003ms (Views: 0.6ms | ActiveRecord: 0.0ms)


Started GET "/test?trace=true" for ::1 at 2019-06-20 01:27:57 +0000
Processing by ApplicationController#index as HTML
  Parameters: {"trace"=>"true"}
Completed 200 OK in 1004ms (Views: 0.6ms | ActiveRecord: 0.0ms)


Started GET "/test?trace=true" for ::1 at 2019-06-20 01:53:28 +0000
Processing by ApplicationController#index as HTML
  Parameters: {"trace"=>"true"}
Completed 200 OK in 1004ms (Views: 0.7ms | ActiveRecord: 0.0ms)


Started GET "/" for ::1 at 2019-06-21 23:58:02 +0000
Processing by Rails::WelcomeController#index as HTML
  Rendering /home/gabriel/.gem/ruby/2.6.0/gems/railties-5.2.3/lib/rails/templates/rails/welcome/index.html.erb
  Rendered /home/gabriel/.gem/ruby/2.6.0/gems/railties-5.2.3/lib/rails/templates/rails/welcome/index.html.erb (1.4ms)
Completed 200 OK in 6ms (Views: 2.8ms | ActiveRecord: 0.0ms)


Started GET "/test" for ::1 at 2019-06-21 23:58:05 +0000
Processing by ApplicationController#index as HTML
Completed 200 OK in 1002ms (Views: 0.2ms | ActiveRecord: 0.0ms)


Started GET "/test" for ::1 at 2019-06-21 23:58:19 +0000
Processing by ApplicationController#index as HTML
Completed 200 OK in 1003ms (Views: 0.3ms | ActiveRecord: 0.0ms)


Started GET "/test?trace=true" for ::1 at 2019-06-21 23:58:35 +0000
Processing by ApplicationController#index as HTML
  Parameters: {"trace"=>"true"}
Completed 200 OK in 1002ms (Views: 0.5ms | ActiveRecord: 0.0ms)


Started GET "/test?trace=true" for ::1 at 2019-06-22 00:00:25 +0000
Processing by ApplicationController#index as HTML
  Parameters: {"trace"=>"true"}
Completed 200 OK in 1003ms (Views: 0.6ms | ActiveRecord: 0.0ms)


Started GET "/test?trace=true" for ::1 at 2019-06-22 00:00:47 +0000
Processing by ApplicationController#index as HTML
  Parameters: {"trace"=>"true"}
Completed 200 OK in 1018ms (Views: 7.0ms | ActiveRecord: 0.0ms)


Started GET "/test?trace=true" for ::1 at 2019-06-22 00:01:10 +0000
Processing by ApplicationController#index as HTML
  Parameters: {"trace"=>"true"}
Completed 200 OK in 1011ms (Views: 7.2ms | ActiveRecord: 0.0ms)


Started GET "/test?trace=true" for ::1 at 2019-06-22 00:02:58 +0000
Processing by ApplicationController#index as HTML
  Parameters: {"trace"=>"true"}
Completed 500 Internal Server Error in 2ms (ActiveRecord: 0.0ms)


  
NameError (uninitialized class variable @@root in SimpleProfiler):
  
app/models/simple_profiler.rb:71:in `get_caller'
app/models/simple_profiler.rb:109:in `get_new_name'
app/models/simple_profiler.rb:77:in `start'
app/controllers/application_controller.rb:7:in `index'
Started GET "/test?trace=true" for ::1 at 2019-06-22 00:03:30 +0000
Processing by ApplicationController#index as HTML
  Parameters: {"trace"=>"true"}
Completed 200 OK in 1004ms (Views: 0.6ms | ActiveRecord: 0.0ms)


Started GET "/test?trace=true" for ::1 at 2019-06-22 00:03:56 +0000
Processing by ApplicationController#index as HTML
  Parameters: {"trace"=>"true"}
Completed 200 OK in 1004ms (Views: 0.6ms | ActiveRecord: 0.0ms)


Started GET "/test?trace=true" for ::1 at 2019-06-22 00:04:00 +0000
Processing by ApplicationController#index as HTML
  Parameters: {"trace"=>"true"}
Completed 200 OK in 1003ms (Views: 0.6ms | ActiveRecord: 0.0ms)


Started GET "/test?trace=true" for ::1 at 2019-06-22 00:04:11 +0000
Processing by ApplicationController#index as HTML
  Parameters: {"trace"=>"true"}
Completed 200 OK in 1004ms (Views: 0.6ms | ActiveRecord: 0.0ms)


Started GET "/test?trace=true" for ::1 at 2019-06-22 00:04:16 +0000
Processing by ApplicationController#index as HTML
  Parameters: {"trace"=>"true"}
Completed 200 OK in 1002ms (Views: 0.5ms | ActiveRecord: 0.0ms)


Started GET "/test?trace=true" for ::1 at 2019-06-22 00:04:24 +0000
Processing by ApplicationController#index as HTML
  Parameters: {"trace"=>"true"}
Completed 200 OK in 1003ms (Views: 0.7ms | ActiveRecord: 0.0ms)


Started GET "/test?trace=true" for ::1 at 2019-06-22 00:04:33 +0000
Processing by ApplicationController#index as HTML
  Parameters: {"trace"=>"true"}
Completed 200 OK in 1004ms (Views: 1.0ms | ActiveRecord: 0.0ms)


Started GET "/test?trace=true" for ::1 at 2019-06-22 00:04:36 +0000
Processing by ApplicationController#index as HTML
  Parameters: {"trace"=>"true"}
Completed 200 OK in 1002ms (Views: 0.5ms | ActiveRecord: 0.0ms)


Started GET "/test?trace=true" for ::1 at 2019-06-22 00:04:40 +0000
Processing by ApplicationController#index as HTML
  Parameters: {"trace"=>"true"}
Completed 200 OK in 1004ms (Views: 0.6ms | ActiveRecord: 0.0ms)


Started GET "/test?trace=true" for ::1 at 2019-06-22 00:04:46 +0000
Processing by ApplicationController#index as HTML
  Parameters: {"trace"=>"true"}
Completed 200 OK in 1003ms (Views: 1.1ms | ActiveRecord: 0.0ms)


Started GET "/test?trace=true" for ::1 at 2019-06-22 00:04:51 +0000
Processing by ApplicationController#index as HTML
  Parameters: {"trace"=>"true"}
Completed 200 OK in 1004ms (Views: 0.9ms | ActiveRecord: 0.0ms)


Started GET "/test?trace=true" for ::1 at 2019-06-22 00:04:55 +0000
Processing by ApplicationController#index as HTML
  Parameters: {"trace"=>"true"}
Completed 200 OK in 1008ms (Views: 0.8ms | ActiveRecord: 0.0ms)


Started GET "/test?trace=true" for ::1 at 2019-06-22 00:04:59 +0000
Processing by ApplicationController#index as HTML
  Parameters: {"trace"=>"true"}
Completed 200 OK in 1003ms (Views: 0.3ms | ActiveRecord: 0.0ms)


Started GET "/test?trace=true" for ::1 at 2019-06-22 00:05:03 +0000
Processing by ApplicationController#index as HTML
  Parameters: {"trace"=>"true"}
Completed 200 OK in 1003ms (Views: 0.2ms | ActiveRecord: 0.0ms)


Started GET "/test?trace=true" for ::1 at 2019-06-22 00:05:06 +0000
Processing by ApplicationController#index as HTML
  Parameters: {"trace"=>"true"}
Completed 200 OK in 1002ms (Views: 0.2ms | ActiveRecord: 0.0ms)


Started GET "/test?trace=true" for ::1 at 2019-06-22 00:05:11 +0000
Processing by ApplicationController#index as HTML
  Parameters: {"trace"=>"true"}
Completed 200 OK in 1002ms (Views: 0.2ms | ActiveRecord: 0.0ms)


Started GET "/test?trace=true" for ::1 at 2019-06-22 00:06:35 +0000
Processing by ApplicationController#index as HTML
  Parameters: {"trace"=>"true"}
Completed 200 OK in 1004ms (Views: 0.7ms | ActiveRecord: 0.0ms)


Started GET "/test?trace=true" for ::1 at 2019-06-22 00:06:43 +0000
Processing by ApplicationController#index as HTML
  Parameters: {"trace"=>"true"}
Completed 200 OK in 1015ms (Views: 0.6ms | ActiveRecord: 0.0ms)


Started GET "/test?trace=true" for ::1 at 2019-06-22 00:06:54 +0000
Processing by ApplicationController#index as HTML
  Parameters: {"trace"=>"true"}
Completed 200 OK in 1015ms (Views: 0.6ms | ActiveRecord: 0.0ms)


Started GET "/test?trace=true" for ::1 at 2019-06-22 00:06:59 +0000
Processing by ApplicationController#index as HTML
  Parameters: {"trace"=>"true"}
Completed 200 OK in 1003ms (Views: 0.6ms | ActiveRecord: 0.0ms)


Started GET "/test?trace=true" for ::1 at 2019-06-22 00:07:10 +0000
Processing by ApplicationController#index as HTML
  Parameters: {"trace"=>"true"}
Completed 200 OK in 1003ms (Views: 0.7ms | ActiveRecord: 0.0ms)


Started GET "/test?trace=true" for ::1 at 2019-06-22 00:07:33 +0000
Processing by ApplicationController#index as HTML
  Parameters: {"trace"=>"true"}
Completed 200 OK in 1011ms (Views: 0.7ms | ActiveRecord: 0.0ms)


Started GET "/test?trace=true" for ::1 at 2019-06-22 00:07:51 +0000
Processing by ApplicationController#index as HTML
  Parameters: {"trace"=>"true"}
Completed 200 OK in 1004ms (Views: 0.7ms | ActiveRecord: 0.0ms)


Started GET "/test?trace=true" for ::1 at 2019-06-22 00:07:58 +0000
Processing by ApplicationController#index as HTML
  Parameters: {"trace"=>"true"}
Completed 200 OK in 1004ms (Views: 0.7ms | ActiveRecord: 0.0ms)


Started GET "/test?trace=true" for ::1 at 2019-06-22 00:08:03 +0000
Processing by ApplicationController#index as HTML
  Parameters: {"trace"=>"true"}
Completed 200 OK in 1004ms (Views: 0.9ms | ActiveRecord: 0.0ms)


Started GET "/test?trace=true" for ::1 at 2019-06-22 00:08:18 +0000
Processing by ApplicationController#index as HTML
  Parameters: {"trace"=>"true"}
Completed 200 OK in 1003ms (Views: 0.7ms | ActiveRecord: 0.0ms)


Started GET "/test?trace=true" for ::1 at 2019-06-22 00:09:06 +0000
Processing by ApplicationController#index as HTML
  Parameters: {"trace"=>"true"}
Completed 200 OK in 1004ms (Views: 0.6ms | ActiveRecord: 0.0ms)


Started GET "/test?trace=true" for ::1 at 2019-06-22 00:09:18 +0000
Processing by ApplicationController#index as HTML
  Parameters: {"trace"=>"true"}
Completed 200 OK in 1003ms (Views: 0.3ms | ActiveRecord: 0.0ms)


Started GET "/test?trace=true" for ::1 at 2019-06-22 00:09:57 +0000
Processing by ApplicationController#index as HTML
  Parameters: {"trace"=>"true"}
Completed 200 OK in 1005ms (Views: 0.6ms | ActiveRecord: 0.0ms)


Started GET "/test?trace=true" for ::1 at 2019-06-22 00:10:05 +0000
Processing by ApplicationController#index as HTML
  Parameters: {"trace"=>"true"}
Completed 200 OK in 1003ms (Views: 0.5ms | ActiveRecord: 0.0ms)


Started GET "/test?trace=true" for ::1 at 2019-06-22 00:10:56 +0000
Processing by ApplicationController#index as HTML
  Parameters: {"trace"=>"true"}
Completed 200 OK in 1010ms (Views: 0.7ms | ActiveRecord: 0.0ms)


Started GET "/test?trace=true" for ::1 at 2019-06-22 00:11:10 +0000
Processing by ApplicationController#index as HTML
  Parameters: {"trace"=>"true"}
Completed 200 OK in 1003ms (Views: 0.6ms | ActiveRecord: 0.0ms)


Started GET "/test?trace=true" for ::1 at 2019-06-22 00:11:33 +0000
Processing by ApplicationController#index as HTML
  Parameters: {"trace"=>"true"}
Completed 500 Internal Server Error in 1ms (ActiveRecord: 0.0ms)


  
NoMethodError (undefined method `root' for SimpleProfiler:Class):
  
app/models/simple_profiler.rb:66:in `initialize'
app/controllers/application_controller.rb:5:in `new'
app/controllers/application_controller.rb:5:in `index'
Started GET "/test?trace=true" for ::1 at 2019-06-22 00:11:41 +0000
Processing by ApplicationController#index as HTML
  Parameters: {"trace"=>"true"}
Completed 500 Internal Server Error in 0ms (ActiveRecord: 0.0ms)


  
NoMethodError (undefined method `root' for SimpleProfiler:Class):
  
app/models/simple_profiler.rb:66:in `initialize'
app/controllers/application_controller.rb:5:in `new'
app/controllers/application_controller.rb:5:in `index'
Started GET "/test?trace=true" for ::1 at 2019-06-22 00:12:11 +0000
Processing by ApplicationController#index as HTML
  Parameters: {"trace"=>"true"}
Completed 500 Internal Server Error in 2ms (ActiveRecord: 0.0ms)


  
TypeError (wrong argument type Pathname (expected Regexp)):
  
app/models/simple_profiler.rb:73:in `split'
app/models/simple_profiler.rb:73:in `get_caller'
app/models/simple_profiler.rb:111:in `get_new_name'
app/models/simple_profiler.rb:79:in `start'
app/controllers/application_controller.rb:7:in `index'
Started GET "/test?trace=true" for ::1 at 2019-06-22 00:12:14 +0000
Processing by ApplicationController#index as HTML
  Parameters: {"trace"=>"true"}
Completed 500 Internal Server Error in 1ms (ActiveRecord: 0.0ms)


  
TypeError (wrong argument type Pathname (expected Regexp)):
  
app/models/simple_profiler.rb:73:in `split'
app/models/simple_profiler.rb:73:in `get_caller'
app/models/simple_profiler.rb:111:in `get_new_name'
app/models/simple_profiler.rb:79:in `start'
app/controllers/application_controller.rb:7:in `index'
Started GET "/test?trace=true" for ::1 at 2019-06-22 00:12:16 +0000
Processing by ApplicationController#index as HTML
  Parameters: {"trace"=>"true"}
Completed 500 Internal Server Error in 1ms (ActiveRecord: 0.0ms)


  
TypeError (wrong argument type Pathname (expected Regexp)):
  
app/models/simple_profiler.rb:73:in `split'
app/models/simple_profiler.rb:73:in `get_caller'
app/models/simple_profiler.rb:111:in `get_new_name'
app/models/simple_profiler.rb:79:in `start'
app/controllers/application_controller.rb:7:in `index'
Started GET "/test?trace=true" for ::1 at 2019-06-22 00:12:20 +0000
Processing by ApplicationController#index as HTML
  Parameters: {"trace"=>"true"}
Completed 500 Internal Server Error in 0ms (ActiveRecord: 0.0ms)


  
TypeError (wrong argument type Pathname (expected Regexp)):
  
app/models/simple_profiler.rb:73:in `split'
app/models/simple_profiler.rb:73:in `get_caller'
app/models/simple_profiler.rb:111:in `get_new_name'
app/models/simple_profiler.rb:79:in `start'
app/controllers/application_controller.rb:7:in `index'
Started GET "/test?trace=true" for ::1 at 2019-06-22 00:12:31 +0000
Processing by ApplicationController#index as HTML
  Parameters: {"trace"=>"true"}
Completed 500 Internal Server Error in 3ms (ActiveRecord: 0.0ms)


  
TypeError (wrong argument type Pathname (expected Regexp)):
  
app/models/simple_profiler.rb:71:in `split'
app/models/simple_profiler.rb:71:in `get_caller'
app/models/simple_profiler.rb:109:in `get_new_name'
app/models/simple_profiler.rb:77:in `start'
app/controllers/application_controller.rb:7:in `index'
Started GET "/test?trace=true" for ::1 at 2019-06-22 00:12:41 +0000
Processing by ApplicationController#index as HTML
  Parameters: {"trace"=>"true"}
Completed 500 Internal Server Error in 2ms (ActiveRecord: 0.0ms)


  
TypeError (wrong argument type Pathname (expected Regexp)):
  
app/models/simple_profiler.rb:71:in `split'
app/models/simple_profiler.rb:71:in `get_caller'
app/models/simple_profiler.rb:109:in `get_new_name'
app/models/simple_profiler.rb:77:in `start'
app/controllers/application_controller.rb:7:in `index'
Started GET "/test?trace=true" for ::1 at 2019-06-22 00:12:58 +0000
Processing by ApplicationController#index as HTML
  Parameters: {"trace"=>"true"}
Completed 500 Internal Server Error in 1ms (ActiveRecord: 0.0ms)


  
TypeError (wrong argument type Pathname (expected Regexp)):
  
app/models/simple_profiler.rb:72:in `split'
app/models/simple_profiler.rb:72:in `get_caller'
app/models/simple_profiler.rb:110:in `get_new_name'
app/models/simple_profiler.rb:78:in `start'
app/controllers/application_controller.rb:7:in `index'
Started GET "/test?trace=true" for ::1 at 2019-06-22 00:13:00 +0000
Processing by ApplicationController#index as HTML
  Parameters: {"trace"=>"true"}
Completed 500 Internal Server Error in 1ms (ActiveRecord: 0.0ms)


  
TypeError (wrong argument type Pathname (expected Regexp)):
  
app/models/simple_profiler.rb:72:in `split'
app/models/simple_profiler.rb:72:in `get_caller'
app/models/simple_profiler.rb:110:in `get_new_name'
app/models/simple_profiler.rb:78:in `start'
app/controllers/application_controller.rb:7:in `index'
Started GET "/test?trace=true" for ::1 at 2019-06-22 00:13:07 +0000
Processing by ApplicationController#index as HTML
  Parameters: {"trace"=>"true"}
Completed 500 Internal Server Error in 4ms (ActiveRecord: 0.0ms)


  
TypeError (wrong argument type Pathname (expected Regexp)):
  
app/models/simple_profiler.rb:72:in `split'
app/models/simple_profiler.rb:72:in `get_caller'
app/models/simple_profiler.rb:110:in `get_new_name'
app/models/simple_profiler.rb:78:in `start'
app/controllers/application_controller.rb:7:in `index'
Started GET "/test?trace=true" for ::1 at 2019-06-22 00:13:08 +0000
Processing by ApplicationController#index as HTML
  Parameters: {"trace"=>"true"}
Completed 500 Internal Server Error in 1ms (ActiveRecord: 0.0ms)


  
TypeError (wrong argument type Pathname (expected Regexp)):
  
app/models/simple_profiler.rb:72:in `split'
app/models/simple_profiler.rb:72:in `get_caller'
app/models/simple_profiler.rb:110:in `get_new_name'
app/models/simple_profiler.rb:78:in `start'
app/controllers/application_controller.rb:7:in `index'
Started GET "/test?trace=true" for ::1 at 2019-06-22 00:13:09 +0000
Processing by ApplicationController#index as HTML
  Parameters: {"trace"=>"true"}
Completed 500 Internal Server Error in 1ms (ActiveRecord: 0.0ms)


  
TypeError (wrong argument type Pathname (expected Regexp)):
  
app/models/simple_profiler.rb:72:in `split'
app/models/simple_profiler.rb:72:in `get_caller'
app/models/simple_profiler.rb:110:in `get_new_name'
app/models/simple_profiler.rb:78:in `start'
app/controllers/application_controller.rb:7:in `index'
Started GET "/test?trace=true" for ::1 at 2019-06-22 00:13:10 +0000
Processing by ApplicationController#index as HTML
  Parameters: {"trace"=>"true"}
Completed 500 Internal Server Error in 1ms (ActiveRecord: 0.0ms)


  
TypeError (wrong argument type Pathname (expected Regexp)):
  
app/models/simple_profiler.rb:72:in `split'
app/models/simple_profiler.rb:72:in `get_caller'
app/models/simple_profiler.rb:110:in `get_new_name'
app/models/simple_profiler.rb:78:in `start'
app/controllers/application_controller.rb:7:in `index'
Started GET "/test?trace=true" for ::1 at 2019-06-22 00:13:26 +0000
Processing by ApplicationController#index as HTML
  Parameters: {"trace"=>"true"}
Completed 500 Internal Server Error in 2ms (ActiveRecord: 0.0ms)


  
TypeError (wrong argument type Pathname (expected Regexp)):
  
app/models/simple_profiler.rb:74:in `split'
app/models/simple_profiler.rb:74:in `get_caller'
app/models/simple_profiler.rb:112:in `get_new_name'
app/models/simple_profiler.rb:80:in `start'
app/controllers/application_controller.rb:7:in `index'
Started GET "/test?trace=true" for ::1 at 2019-06-22 00:13:45 +0000
Processing by ApplicationController#index as HTML
  Parameters: {"trace"=>"true"}
Completed 200 OK in 1005ms (Views: 0.6ms | ActiveRecord: 0.0ms)


Started GET "/test?trace=true" for ::1 at 2019-06-22 00:14:29 +0000
Processing by ApplicationController#index as HTML
  Parameters: {"trace"=>"true"}
Completed 200 OK in 1004ms (Views: 0.7ms | ActiveRecord: 0.0ms)


Started GET "/test?trace=true" for ::1 at 2019-06-22 00:14:56 +0000
Processing by ApplicationController#index as HTML
  Parameters: {"trace"=>"true"}
Completed 200 OK in 1003ms (Views: 0.8ms | ActiveRecord: 0.0ms)


Started GET "/test?trace=true" for ::1 at 2019-06-22 00:15:11 +0000
Processing by ApplicationController#index as HTML
  Parameters: {"trace"=>"true"}
Completed 200 OK in 1122ms (Views: 0.7ms | ActiveRecord: 0.0ms)


Started GET "/test?trace=true" for ::1 at 2019-06-22 00:24:23 +0000
Processing by ApplicationController#index as HTML
  Parameters: {"trace"=>"true"}
Completed 500 Internal Server Error in 1ms (ActiveRecord: 0.0ms)


  
NoMethodError (undefined method `end' for #<SimpleProfiler:0x000055ca0207e258>):
  
app/controllers/application_controller.rb:11:in `block in index'
app/controllers/application_controller.rb:8:in `index'
Started GET "/test?trace=true" for ::1 at 2019-06-22 00:24:48 +0000
Processing by ApplicationController#index as HTML
  Parameters: {"trace"=>"true"}
Completed 200 OK in 5ms (Views: 0.2ms | ActiveRecord: 0.0ms)


Started GET "/test?trace=true" for ::1 at 2019-06-22 00:26:33 +0000
Processing by ApplicationController#index as HTML
  Parameters: {"trace"=>"true"}
Completed 200 OK in 2ms (Views: 0.2ms | ActiveRecord: 0.0ms)


Started GET "/test?trace=true" for ::1 at 2019-06-22 00:28:06 +0000
Processing by ApplicationController#index as HTML
  Parameters: {"trace"=>"true"}
Completed 500 Internal Server Error in 1ms (ActiveRecord: 0.0ms)


  
ArgumentError (comparison of Float with nil failed):
  
app/models/simple_profiler.rb:45:in `>'
app/models/simple_profiler.rb:45:in `stop'
app/models/simple_profiler.rb:97:in `stop'
app/controllers/application_controller.rb:11:in `block in index'
app/controllers/application_controller.rb:8:in `index'
Started GET "/test?trace=true" for ::1 at 2019-06-22 00:28:27 +0000
Processing by ApplicationController#index as HTML
  Parameters: {"trace"=>"true"}
Completed 200 OK in 3ms (Views: 0.3ms | ActiveRecord: 0.0ms)


Started GET "/test?trace=true" for ::1 at 2019-06-22 00:30:09 +0000
Processing by ApplicationController#index as HTML
  Parameters: {"trace"=>"true"}
Completed 200 OK in 2ms (Views: 0.3ms | ActiveRecord: 0.0ms)


Started GET "/test?trace=true" for ::1 at 2019-06-22 00:30:10 +0000
Processing by ApplicationController#index as HTML
  Parameters: {"trace"=>"true"}
Completed 200 OK in 4ms (Views: 0.7ms | ActiveRecord: 0.0ms)


Started GET "/test?trace=true" for ::1 at 2019-06-22 00:30:10 +0000
Processing by ApplicationController#index as HTML
  Parameters: {"trace"=>"true"}
Completed 200 OK in 1ms (Views: 0.2ms | ActiveRecord: 0.0ms)


Started GET "/test?trace=true" for ::1 at 2019-06-22 00:30:11 +0000
Processing by ApplicationController#index as HTML
  Parameters: {"trace"=>"true"}
Completed 200 OK in 1ms (Views: 0.1ms | ActiveRecord: 0.0ms)


Started GET "/test?trace=true" for ::1 at 2019-06-22 00:30:11 +0000
Processing by ApplicationController#index as HTML
  Parameters: {"trace"=>"true"}
Completed 200 OK in 2ms (Views: 0.5ms | ActiveRecord: 0.0ms)


Started GET "/test?trace=true" for ::1 at 2019-06-22 00:30:13 +0000
Processing by ApplicationController#index as HTML
  Parameters: {"trace"=>"true"}
Completed 200 OK in 1ms (Views: 0.2ms | ActiveRecord: 0.0ms)


Started GET "/test?trace=true" for ::1 at 2019-06-22 00:30:15 +0000
Processing by ApplicationController#index as HTML
  Parameters: {"trace"=>"true"}
Completed 200 OK in 3ms (Views: 0.5ms | ActiveRecord: 0.0ms)


Started GET "/test?trace=true" for ::1 at 2019-06-22 00:42:05 +0000
Processing by ApplicationController#index as HTML
  Parameters: {"trace"=>"true"}
Completed 500 Internal Server Error in 33ms (ActiveRecord: 0.0ms)


  
NoMethodError (undefined method `+' for nil:NilClass):
  
app/controllers/application_controller.rb:24:in `block in index'
app/controllers/application_controller.rb:23:in `each'
app/controllers/application_controller.rb:23:in `index'
Started GET "/test?trace=true" for ::1 at 2019-06-22 00:43:26 +0000
Processing by ApplicationController#index as HTML
  Parameters: {"trace"=>"true"}
Completed 200 OK in 49ms (Views: 0.3ms | ActiveRecord: 0.0ms)


Started GET "/test?trace=true" for ::1 at 2019-06-22 00:45:53 +0000
Processing by ApplicationController#index as HTML
  Parameters: {"trace"=>"true"}
Completed 500 Internal Server Error in 48ms (ActiveRecord: 0.0ms)


  
NameError (undefined local variable or method `y' for #<ApplicationController:0x000055ca0367fbd8>):
  
app/controllers/application_controller.rb:8:in `index'
Started GET "/test?trace=true" for ::1 at 2019-06-22 00:49:24 +0000
Processing by ApplicationController#index as HTML
  Parameters: {"trace"=>"true"}
some random number=4. choosen by a fair dice roll. guaranteed to be random.
Completed 500 Internal Server Error in 2ms (ActiveRecord: 0.0ms)


  
NoMethodError (undefined method `stop' for #<SimpleProfiler:0x00007fbc403b00e8>):
  
app/controllers/application_controller.rb:11:in `index'
Started GET "/test?trace=true" for ::1 at 2019-06-22 00:49:44 +0000
Processing by ApplicationController#index as HTML
  Parameters: {"trace"=>"true"}
some random number=4. choosen by a fair dice roll. guaranteed to be random.
Completed 500 Internal Server Error in 3ms (ActiveRecord: 0.0ms)


  
NoMethodError (undefined method `>' for #<SimpleProfiler:0x00007fbc48a564a8>):
  
app/controllers/application_controller.rb:28:in `index'
Started GET "/test?trace=true" for ::1 at 2019-06-22 00:50:05 +0000
Processing by ApplicationController#index as HTML
  Parameters: {"trace"=>"true"}
some random number=4. choosen by a fair dice roll. guaranteed to be random.
Completed 200 OK in 41ms (Views: 0.2ms | ActiveRecord: 0.0ms)


Started GET "/test?trace=true" for ::1 at 2019-06-22 00:50:13 +0000
Processing by ApplicationController#index as HTML
  Parameters: {"trace"=>"true"}
some random number=4. choosen by a fair dice roll. guaranteed to be random.
Completed 200 OK in 69ms (Views: 0.3ms | ActiveRecord: 0.0ms)


Started GET "/test?trace=true" for ::1 at 2019-06-22 00:50:39 +0000
Processing by ApplicationController#index as HTML
  Parameters: {"trace"=>"true"}
some random number = 4. choosen by a fair dice roll. guaranteed to be random.
Completed 200 OK in 40ms (Views: 0.2ms | ActiveRecord: 0.0ms)


Started GET "/test?trace=true" for ::1 at 2019-06-22 00:54:55 +0000
Processing by ApplicationController#index as HTML
  Parameters: {"trace"=>"true"}
some random number = 4. choosen by a fair dice roll. guaranteed to be random.
{"L"=>10, "o"=>3108, "r"=>4124, "e"=>8461, "m"=>3432, " "=>13082, "i"=>7455, "p"=>1623, "s"=>6058, "u"=>6640, "d"=>2000, "l"=>4291, "t"=>6012, "a"=>5898, ","=>1152, "c"=>3024, "n"=>4358, "g"=>919, "."=>1727, "F"=>68, "q"=>946, "v"=>1135, "V"=>135, "b"=>903, "f"=>685, "A"=>139, "P"=>242, "M"=>166, "U"=>47, "h"=>415, "\n"=>149, "I"=>122, "C"=>115, "S"=>182, "j"=>85, "N"=>214, "D"=>175, "x"=>150, "E"=>58, "Q"=>65, "O"=>7, ";"=>9}
Completed 200 OK in 50ms (Views: 0.3ms | ActiveRecord: 0.0ms)


Started GET "/test?trace=true" for ::1 at 2019-06-22 00:57:56 +0000
Processing by ApplicationController#index as HTML
  Parameters: {"trace"=>"true"}
some random number = 4. choosen by a fair dice roll. guaranteed to be random.
{"L"=>10, "o"=>3108, "r"=>4124, "e"=>8461, "m"=>3432, " "=>13082, "i"=>7455, "p"=>1623, "s"=>6058, "u"=>6640, "d"=>2000, "l"=>4291, "t"=>6012, "a"=>5898, ","=>1152, "c"=>3024, "n"=>4358, "g"=>919, "."=>1727, "F"=>68, "q"=>946, "v"=>1135, "V"=>135, "b"=>903, "f"=>685, "A"=>139, "P"=>242, "M"=>166, "U"=>47, "h"=>415, "\n"=>149, "I"=>122, "C"=>115, "S"=>182, "j"=>85, "N"=>214, "D"=>175, "x"=>150, "E"=>58, "Q"=>65, "O"=>7, ";"=>9}
Completed 200 OK in 39ms (Views: 0.2ms | ActiveRecord: 0.0ms)


Started GET "/test?trace=true" for ::1 at 2019-06-22 00:58:13 +0000
Processing by ApplicationController#index as HTML
  Parameters: {"trace"=>"true"}
some random number = 4. choosen by a fair dice roll. guaranteed to be random.
{"L"=>10, "o"=>3108, "r"=>4124, "e"=>8461, "m"=>3432, " "=>13082, "i"=>7455, "p"=>1623, "s"=>6058, "u"=>6640, "d"=>2000, "l"=>4291, "t"=>6012, "a"=>5898, ","=>1152, "c"=>3024, "n"=>4358, "g"=>919, "."=>1727, "F"=>68, "q"=>946, "v"=>1135, "V"=>135, "b"=>903, "f"=>685, "A"=>139, "P"=>242, "M"=>166, "U"=>47, "h"=>415, "\n"=>149, "I"=>122, "C"=>115, "S"=>182, "j"=>85, "N"=>214, "D"=>175, "x"=>150, "E"=>58, "Q"=>65, "O"=>7, ";"=>9}
Completed 200 OK in 43ms (Views: 0.3ms | ActiveRecord: 0.0ms)


Started GET "/test?trace=true" for ::1 at 2019-06-22 01:01:45 +0000
Processing by ApplicationController#index as HTML
  Parameters: {"trace"=>"true"}
some random number = 4. choosen by a fair dice roll. guaranteed to be random.
{"L"=>10, "o"=>3108, "r"=>4124, "e"=>8461, "m"=>3432, " "=>13082, "i"=>7455, "p"=>1623, "s"=>6058, "u"=>6640, "d"=>2000, "l"=>4291, "t"=>6012, "a"=>5898, ","=>1152, "c"=>3024, "n"=>4358, "g"=>919, "."=>1727, "F"=>68, "q"=>946, "v"=>1135, "V"=>135, "b"=>903, "f"=>685, "A"=>139, "P"=>242, "M"=>166, "U"=>47, "h"=>415, "\n"=>149, "I"=>122, "C"=>115, "S"=>182, "j"=>85, "N"=>214, "D"=>175, "x"=>150, "E"=>58, "Q"=>65, "O"=>7, ";"=>9}
Completed 500 Internal Server Error in 75ms (ActiveRecord: 0.0ms)


  
NameError (undefined local variable or method `compute_important_thing' for #<ApplicationController:0x000055ca0354ecf0>):
  
app/controllers/application_controller.rb:38:in `index'
Started GET "/test?trace=true" for ::1 at 2019-06-22 01:01:54 +0000
Processing by ApplicationController#index as HTML
  Parameters: {"trace"=>"true"}
some random number = 4. choosen by a fair dice roll. guaranteed to be random.
{"L"=>10, "o"=>3108, "r"=>4124, "e"=>8461, "m"=>3432, " "=>13082, "i"=>7455, "p"=>1623, "s"=>6058, "u"=>6640, "d"=>2000, "l"=>4291, "t"=>6012, "a"=>5898, ","=>1152, "c"=>3024, "n"=>4358, "g"=>919, "."=>1727, "F"=>68, "q"=>946, "v"=>1135, "V"=>135, "b"=>903, "f"=>685, "A"=>139, "P"=>242, "M"=>166, "U"=>47, "h"=>415, "\n"=>149, "I"=>122, "C"=>115, "S"=>182, "j"=>85, "N"=>214, "D"=>175, "x"=>150, "E"=>58, "Q"=>65, "O"=>7, ";"=>9}
working hard... please wait.
done
response=42
Completed 200 OK in 2040ms (Views: 0.8ms | ActiveRecord: 0.0ms)


Started GET "/test?trace=true" for ::1 at 2019-06-22 01:04:30 +0000
Processing by ApplicationController#index as HTML
  Parameters: {"trace"=>"true"}
some random number = 4. choosen by a fair dice roll. guaranteed to be random.
{"L"=>10, "o"=>3108, "r"=>4124, "e"=>8461, "m"=>3432, " "=>13082, "i"=>7455, "p"=>1623, "s"=>6058, "u"=>6640, "d"=>2000, "l"=>4291, "t"=>6012, "a"=>5898, ","=>1152, "c"=>3024, "n"=>4358, "g"=>919, "."=>1727, "F"=>68, "q"=>946, "v"=>1135, "V"=>135, "b"=>903, "f"=>685, "A"=>139, "P"=>242, "M"=>166, "U"=>47, "h"=>415, "\n"=>149, "I"=>122, "C"=>115, "S"=>182, "j"=>85, "N"=>214, "D"=>175, "x"=>150, "E"=>58, "Q"=>65, "O"=>7, ";"=>9}
working hard... please wait.
done
response=42
Completed 200 OK in 2054ms (Views: 0.8ms | ActiveRecord: 0.0ms)


Started GET "/test?trace=true" for ::1 at 2019-06-22 01:07:46 +0000
Processing by ApplicationController#index as HTML
  Parameters: {"trace"=>"true"}
some random number = 4. choosen by a fair dice roll. guaranteed to be random.
{"L"=>10, "o"=>3108, "r"=>4124, "e"=>8461, "m"=>3432, " "=>13082, "i"=>7455, "p"=>1623, "s"=>6058, "u"=>6640, "d"=>2000, "l"=>4291, "t"=>6012, "a"=>5898, ","=>1152, "c"=>3024, "n"=>4358, "g"=>919, "."=>1727, "F"=>68, "q"=>946, "v"=>1135, "V"=>135, "b"=>903, "f"=>685, "A"=>139, "P"=>242, "M"=>166, "U"=>47, "h"=>415, "\n"=>149, "I"=>122, "C"=>115, "S"=>182, "j"=>85, "N"=>214, "D"=>175, "x"=>150, "E"=>58, "Q"=>65, "O"=>7, ";"=>9}
working hard... please wait.
done
response=42
Completed 200 OK in 2048ms (Views: 0.8ms | ActiveRecord: 0.0ms)


Started GET "/xoxo" for ::1 at 2019-06-22 01:20:02 +0000
Processing by ApplicationController#xoxo as HTML
Completed 500 Internal Server Error in 1ms (ActiveRecord: 0.0ms)


  
NameError (uninitialized constant ApplicationController::SimpleTracer):
  
app/controllers/application_controller.rb:4:in `xoxo'
Started GET "/xoxo" for ::1 at 2019-06-22 01:20:15 +0000
Processing by ApplicationController#xoxo as HTML
Started GET "/xoxo" for ::1 at 2019-06-22 01:20:17 +0000
Completed 500 Internal Server Error in 3143ms (ActiveRecord: 0.0ms)


  
NoMethodError (undefined method `report' for #<SimpleProfiler:0x00007fbc48b298f8>):
  
app/controllers/application_controller.rb:8:in `xoxo'
Processing by ApplicationController#xoxo as HTML
Started GET "/xoxo" for ::1 at 2019-06-22 01:20:21 +0000
Processing by ApplicationController#xoxo as HTML
Completed 500 Internal Server Error in 3143ms (ActiveRecord: 0.0ms)


  
NoMethodError (undefined method `report' for #<SimpleProfiler:0x000055ca038af4f8>):
  
app/controllers/application_controller.rb:8:in `xoxo'
Started GET "/xoxo" for ::1 at 2019-06-22 01:20:22 +0000
Processing by ApplicationController#xoxo as HTML
Started GET "/xoxo" for ::1 at 2019-06-22 01:20:24 +0000
Processing by ApplicationController#xoxo as HTML
Completed 500 Internal Server Error in 3143ms (ActiveRecord: 0.0ms)


  
NoMethodError (undefined method `report' for #<SimpleProfiler:0x00007fbc5801b168>):
  
app/controllers/application_controller.rb:8:in `xoxo'
Completed 500 Internal Server Error in 3143ms (ActiveRecord: 0.0ms)


  
NoMethodError (undefined method `report' for #<SimpleProfiler:0x00007fbc4c0114f8>):
  
app/controllers/application_controller.rb:8:in `xoxo'
Completed 500 Internal Server Error in 3142ms (ActiveRecord: 0.0ms)


  
NoMethodError (undefined method `report' for #<SimpleProfiler:0x00007fbc44263858>):
  
app/controllers/application_controller.rb:8:in `xoxo'
Started GET "/xoxo" for ::1 at 2019-06-22 01:20:55 +0000
Processing by ApplicationController#xoxo as HTML
why my thing is slow: report={:steps=>[{:caller=>"/app/controllers/application_controller.rb:5:in xoxo", :time=>3.141692}]}
Completed 200 OK in 3147ms (Views: 0.4ms | ActiveRecord: 0.0ms)


Started GET "/xoxo" for ::1 at 2019-06-22 01:21:09 +0000
Processing by ApplicationController#xoxo as HTML
why my thing is slow: report={:steps=>[{:caller=>"/app/controllers/application_controller.rb:5:in xoxo", :time=>3.141631}]}
Completed 200 OK in 3143ms (Views: 0.4ms | ActiveRecord: 0.0ms)


